{"/Users/jdalton/projects/socket-vscode/src/api.ts": {"path":"/Users/jdalton/projects/socket-vscode/src/api.ts","statementMap":{"0":{"start":{"line":4,"column":14},"end":{"line":10,"column":4}},"1":{"start":{"line":11,"column":2},"end":{"line":14,"column":null}},"2":{"start":{"line":12,"column":4},"end":{"line":12,"column":null}},"3":{"start":{"line":14,"column":4},"end":{"line":14,"column":null}},"4":{"start":{"line":27,"column":2},"end":{"line":27,"column":null}}},"fnMap":{"0":{"name":"getQuota","decl":{"start":{"line":3,"column":22},"end":{"line":3,"column":31}},"loc":{"start":{"line":3,"column":47},"end":{"line":14,"column":null}},"line":3},"1":{"name":"toAuthHeader","decl":{"start":{"line":26,"column":16},"end":{"line":26,"column":29}},"loc":{"start":{"line":26,"column":45},"end":{"line":27,"column":null}},"line":26}},"branchMap":{"0":{"loc":{"start":{"line":11,"column":2},"end":{"line":14,"column":null}},"type":"if","locations":[{"start":{"line":11,"column":2},"end":{"line":14,"column":null}},{"start":{"line":13,"column":9},"end":{"line":14,"column":null}}],"line":11}},"s":{"0":0,"1":0,"2":0,"3":0,"4":0},"f":{"0":0,"1":0},"b":{"0":[0,0]},"meta":{"lastBranch":1,"lastFunction":2,"lastStatement":5,"seen":{"f:3:22:3:31":0,"s:4:14:10:4":0,"b:11:2:14:Infinity:13:9:14:Infinity":0,"s:11:2:14:Infinity":1,"s:12:4:12:Infinity":2,"s:14:4:14:Infinity":3,"f:26:16:26:29":1,"s:27:2:27:Infinity":4}}}
,"/Users/jdalton/projects/socket-vscode/src/auth.ts": {"path":"/Users/jdalton/projects/socket-vscode/src/auth.ts","statementMap":{"0":{"start":{"line":38,"column":4},"end":{"line":40,"column":null}},"1":{"start":{"line":42,"column":2},"end":{"line":52,"column":null}},"2":{"start":{"line":43,"column":4},"end":{"line":44,"column":null}},"3":{"start":{"line":44,"column":6},"end":{"line":44,"column":null}},"4":{"start":{"line":46,"column":17},"end":{"line":46,"column":29}},"5":{"start":{"line":47,"column":4},"end":{"line":52,"column":null}},"6":{"start":{"line":54,"column":31},"end":{"line":56,"column":null}},"7":{"start":{"line":58,"column":2},"end":{"line":58,"column":null}},"8":{"start":{"line":59,"column":2},"end":{"line":59,"column":null}},"9":{"start":{"line":60,"column":2},"end":{"line":61,"column":null}},"10":{"start":{"line":62,"column":2},"end":{"line":62,"column":null}},"11":{"start":{"line":64,"column":30},"end":{"line":64,"column":71}},"12":{"start":{"line":65,"column":23},"end":{"line":67,"column":45}},"13":{"start":{"line":74,"column":6},"end":{"line":74,"column":15}},"14":{"start":{"line":76,"column":4},"end":{"line":76,"column":93}},"15":{"start":{"line":78,"column":18},"end":{"line":82,"column":null}},"16":{"start":{"line":84,"column":2},"end":{"line":91,"column":null}},"17":{"start":{"line":86,"column":30},"end":{"line":86,"column":55}},"18":{"start":{"line":87,"column":30},"end":{"line":87,"column":55}},"19":{"start":{"line":89,"column":6},"end":{"line":89,"column":null}},"20":{"start":{"line":93,"column":4},"end":{"line":105,"column":null}},"21":{"start":{"line":94,"column":30},"end":{"line":95,"column":null}},"22":{"start":{"line":97,"column":22},"end":{"line":100,"column":24}},"23":{"start":{"line":101,"column":21},"end":{"line":101,"column":40}},"24":{"start":{"line":102,"column":6},"end":{"line":103,"column":null}},"25":{"start":{"line":103,"column":8},"end":{"line":103,"column":null}},"26":{"start":{"line":108,"column":4},"end":{"line":108,"column":null}},"27":{"start":{"line":111,"column":60},"end":{"line":111,"column":62}},"28":{"start":{"line":112,"column":4},"end":{"line":124,"column":null}},"29":{"start":{"line":113,"column":23},"end":{"line":119,"column":null}},"30":{"start":{"line":121,"column":6},"end":{"line":122,"column":null}},"31":{"start":{"line":122,"column":8},"end":{"line":122,"column":null}},"32":{"start":{"line":125,"column":23},"end":{"line":125,"column":null}},"33":{"start":{"line":126,"column":47},"end":{"line":126,"column":null}},"34":{"start":{"line":130,"column":4},"end":{"line":138,"column":null}},"35":{"start":{"line":135,"column":28},"end":{"line":135,"column":58}},"36":{"start":{"line":136,"column":18},"end":{"line":136,"column":null}},"37":{"start":{"line":137,"column":6},"end":{"line":138,"column":null}},"38":{"start":{"line":138,"column":8},"end":{"line":138,"column":null}},"39":{"start":{"line":141,"column":50},"end":{"line":141,"column":52}},"40":{"start":{"line":142,"column":52},"end":{"line":142,"column":54}},"41":{"start":{"line":143,"column":52},"end":{"line":143,"column":54}},"42":{"start":{"line":145,"column":4},"end":{"line":151,"column":null}},"43":{"start":{"line":148,"column":6},"end":{"line":151,"column":null}},"44":{"start":{"line":149,"column":8},"end":{"line":149,"column":null}},"45":{"start":{"line":151,"column":8},"end":{"line":151,"column":null}},"46":{"start":{"line":155,"column":4},"end":{"line":156,"column":null}},"47":{"start":{"line":156,"column":6},"end":{"line":156,"column":null}},"48":{"start":{"line":158,"column":4},"end":{"line":158,"column":null}},"49":{"start":{"line":159,"column":4},"end":{"line":164,"column":null}},"50":{"start":{"line":160,"column":6},"end":{"line":164,"column":null}},"51":{"start":{"line":168,"column":4},"end":{"line":173,"column":null}},"52":{"start":{"line":173,"column":6},"end":{"line":173,"column":null}},"53":{"start":{"line":177,"column":29},"end":{"line":177,"column":57}},"54":{"start":{"line":180,"column":4},"end":{"line":180,"column":null}},"55":{"start":{"line":182,"column":21},"end":{"line":183,"column":null}},"56":{"start":{"line":185,"column":4},"end":{"line":188,"column":null}},"57":{"start":{"line":192,"column":18},"end":{"line":279,"column":null}},"58":{"start":{"line":197,"column":8},"end":{"line":197,"column":null}},"59":{"start":{"line":203,"column":8},"end":{"line":203,"column":null}},"60":{"start":{"line":211,"column":11},"end":{"line":225,"column":null}},"61":{"start":{"line":217,"column":14},"end":{"line":218,"column":null}},"62":{"start":{"line":218,"column":16},"end":{"line":218,"column":null}},"63":{"start":{"line":220,"column":14},"end":{"line":220,"column":null}},"64":{"start":{"line":221,"column":14},"end":{"line":222,"column":null}},"65":{"start":{"line":222,"column":16},"end":{"line":222,"column":null}},"66":{"start":{"line":226,"column":8},"end":{"line":227,"column":null}},"67":{"start":{"line":227,"column":10},"end":{"line":227,"column":null}},"68":{"start":{"line":229,"column":20},"end":{"line":229,"column":null}},"69":{"start":{"line":230,"column":8},"end":{"line":231,"column":null}},"70":{"start":{"line":231,"column":10},"end":{"line":231,"column":null}},"71":{"start":{"line":233,"column":24},"end":{"line":233,"column":54}},"72":{"start":{"line":234,"column":28},"end":{"line":234,"column":61}},"73":{"start":{"line":235,"column":8},"end":{"line":235,"column":null}},"74":{"start":{"line":236,"column":8},"end":{"line":236,"column":null}},"75":{"start":{"line":237,"column":8},"end":{"line":237,"column":null}},"76":{"start":{"line":238,"column":8},"end":{"line":242,"column":null}},"77":{"start":{"line":243,"column":8},"end":{"line":243,"column":null}},"78":{"start":{"line":246,"column":24},"end":{"line":246,"column":51}},"79":{"start":{"line":247,"column":8},"end":{"line":249,"column":null}},"80":{"start":{"line":248,"column":10},"end":{"line":248,"column":null}},"81":{"start":{"line":250,"column":8},"end":{"line":270,"column":null}},"82":{"start":{"line":252,"column":35},"end":{"line":252,"column":63}},"83":{"start":{"line":255,"column":10},"end":{"line":255,"column":null}},"84":{"start":{"line":258,"column":10},"end":{"line":268,"column":null}},"85":{"start":{"line":259,"column":29},"end":{"line":261,"column":32}},"86":{"start":{"line":262,"column":12},"end":{"line":265,"column":null}},"87":{"start":{"line":268,"column":12},"end":{"line":268,"column":null}},"88":{"start":{"line":271,"column":8},"end":{"line":276,"column":null}},"89":{"start":{"line":272,"column":10},"end":{"line":276,"column":null}},"90":{"start":{"line":281,"column":2},"end":{"line":281,"column":null}},"91":{"start":{"line":282,"column":2},"end":{"line":289,"column":null}},"92":{"start":{"line":286,"column":4},"end":{"line":288,"column":null}},"93":{"start":{"line":290,"column":2},"end":{"line":292,"column":null}},"94":{"start":{"line":291,"column":4},"end":{"line":291,"column":null}},"95":{"start":{"line":294,"column":2},"end":{"line":302,"column":null}},"96":{"start":{"line":295,"column":4},"end":{"line":301,"column":null}},"97":{"start":{"line":303,"column":2},"end":{"line":304,"column":null}},"98":{"start":{"line":304,"column":4},"end":{"line":304,"column":null}},"99":{"start":{"line":307,"column":2},"end":{"line":307,"column":null}},"100":{"start":{"line":311,"column":18},"end":{"line":316,"column":null}},"101":{"start":{"line":318,"column":2},"end":{"line":321,"column":null}},"102":{"start":{"line":319,"column":4},"end":{"line":319,"column":null}},"103":{"start":{"line":321,"column":4},"end":{"line":321,"column":null}},"104":{"start":{"line":326,"column":2},"end":{"line":326,"column":null}},"105":{"start":{"line":332,"column":21},"end":{"line":332,"column":42}},"106":{"start":{"line":333,"column":17},"end":{"line":339,"column":4}},"107":{"start":{"line":340,"column":20},"end":{"line":340,"column":50}},"108":{"start":{"line":341,"column":2},"end":{"line":342,"column":null}},"109":{"start":{"line":342,"column":4},"end":{"line":342,"column":null}},"110":{"start":{"line":344,"column":36},"end":{"line":344,"column":66}},"111":{"start":{"line":345,"column":2},"end":{"line":345,"column":null}},"112":{"start":{"line":352,"column":19},"end":{"line":352,"column":null}},"113":{"start":{"line":353,"column":2},"end":{"line":361,"column":null}}},"fnMap":{"0":{"name":"activate","decl":{"start":{"line":31,"column":22},"end":{"line":31,"column":null}},"loc":{"start":{"line":34,"column":2},"end":{"line":307,"column":null}},"line":34},"1":{"name":"(anonymous_1)","decl":{"start":{"line":86,"column":12},"end":{"line":86,"column":30}},"loc":{"start":{"line":86,"column":30},"end":{"line":86,"column":55}},"line":86},"2":{"name":"(anonymous_2)","decl":{"start":{"line":87,"column":12},"end":{"line":87,"column":30}},"loc":{"start":{"line":87,"column":30},"end":{"line":87,"column":55}},"line":87},"3":{"name":"(anonymous_3)","decl":{"start":{"line":88,"column":12},"end":{"line":88,"column":30}},"loc":{"start":{"line":88,"column":30},"end":{"line":90,"column":null}},"line":88},"4":{"name":"readExistingSettings","decl":{"start":{"line":92,"column":17},"end":{"line":92,"column":63}},"loc":{"start":{"line":92,"column":63},"end":{"line":108,"column":null}},"line":92},"5":{"name":"syncLiveSessionFromDisk","decl":{"start":{"line":110,"column":17},"end":{"line":110,"column":43}},"loc":{"start":{"line":110,"column":43},"end":{"line":164,"column":null}},"line":110},"6":{"name":"syncLiveSessionToDisk","decl":{"start":{"line":167,"column":17},"end":{"line":167,"column":39}},"loc":{"start":{"line":167,"column":78},"end":{"line":188,"column":null}},"line":167},"7":{"name":"(anonymous_7)","decl":{"start":{"line":196,"column":6},"end":{"line":196,"column":26}},"loc":{"start":{"line":196,"column":30},"end":{"line":197,"column":null}},"line":196},"8":{"name":"(anonymous_8)","decl":{"start":{"line":199,"column":12},"end":{"line":199,"column":null}},"loc":{"start":{"line":202,"column":49},"end":{"line":203,"column":null}},"line":202},"9":{"name":"(anonymous_9)","decl":{"start":{"line":205,"column":12},"end":{"line":205,"column":null}},"loc":{"start":{"line":208,"column":47},"end":{"line":243,"column":null}},"line":208},"10":{"name":"(anonymous_10)","decl":{"start":{"line":216,"column":18},"end":{"line":216,"column":32}},"loc":{"start":{"line":216,"column":39},"end":{"line":222,"column":null}},"line":216},"11":{"name":"(anonymous_11)","decl":{"start":{"line":245,"column":12},"end":{"line":245,"column":26}},"loc":{"start":{"line":245,"column":60},"end":{"line":276,"column":null}},"line":245},"12":{"name":"(anonymous_12)","decl":{"start":{"line":282,"column":63},"end":{"line":282,"column":75}},"loc":{"start":{"line":282,"column":75},"end":{"line":289,"column":null}},"line":282},"13":{"name":"getAPIKey","decl":{"start":{"line":310,"column":22},"end":{"line":310,"column":34}},"loc":{"start":{"line":310,"column":34},"end":{"line":321,"column":null}},"line":310},"14":{"name":"getAuthHeader","decl":{"start":{"line":325,"column":16},"end":{"line":325,"column":30}},"loc":{"start":{"line":325,"column":46},"end":{"line":326,"column":null}},"line":325},"15":{"name":"getOrganizations","decl":{"start":{"line":329,"column":22},"end":{"line":329,"column":null}},"loc":{"start":{"line":331,"column":44},"end":{"line":345,"column":null}},"line":331},"16":{"name":"sessionFromAPIKey","decl":{"start":{"line":348,"column":16},"end":{"line":348,"column":34}},"loc":{"start":{"line":348,"column":64},"end":{"line":361,"column":null}},"line":348}},"branchMap":{"0":{"loc":{"start":{"line":38,"column":4},"end":{"line":40,"column":null}},"type":"cond-expr","locations":[{"start":{"line":39,"column":8},"end":{"line":39,"column":null}},{"start":{"line":40,"column":8},"end":{"line":40,"column":null}}],"line":38},"1":{"loc":{"start":{"line":42,"column":2},"end":{"line":52,"column":null}},"type":"if","locations":[{"start":{"line":42,"column":2},"end":{"line":52,"column":null}},{"start":{},"end":{}}],"line":42},"2":{"loc":{"start":{"line":43,"column":4},"end":{"line":44,"column":null}},"type":"if","locations":[{"start":{"line":43,"column":4},"end":{"line":44,"column":null}},{"start":{},"end":{}}],"line":43},"3":{"loc":{"start":{"line":49,"column":10},"end":{"line":51,"column":29}},"type":"cond-expr","locations":[{"start":{"line":50,"column":10},"end":{"line":50,"column":44}},{"start":{"line":51,"column":10},"end":{"line":51,"column":29}}],"line":49},"4":{"loc":{"start":{"line":102,"column":6},"end":{"line":103,"column":null}},"type":"if","locations":[{"start":{"line":102,"column":6},"end":{"line":103,"column":null}},{"start":{},"end":{}}],"line":102},"5":{"loc":{"start":{"line":102,"column":10},"end":{"line":102,"column":67}},"type":"binary-expr","locations":[{"start":{"line":102,"column":10},"end":{"line":102,"column":20}},{"start":{"line":102,"column":20},"end":{"line":102,"column":50}},{"start":{"line":102,"column":50},"end":{"line":102,"column":67}}],"line":102},"6":{"loc":{"start":{"line":121,"column":6},"end":{"line":122,"column":null}},"type":"if","locations":[{"start":{"line":121,"column":6},"end":{"line":122,"column":null}},{"start":{},"end":{}}],"line":121},"7":{"loc":{"start":{"line":121,"column":10},"end":{"line":121,"column":73}},"type":"binary-expr","locations":[{"start":{"line":121,"column":10},"end":{"line":121,"column":22}},{"start":{"line":121,"column":22},"end":{"line":121,"column":54}},{"start":{"line":121,"column":54},"end":{"line":121,"column":73}}],"line":121},"8":{"loc":{"start":{"line":130,"column":4},"end":{"line":138,"column":null}},"type":"if","locations":[{"start":{"line":130,"column":4},"end":{"line":138,"column":null}},{"start":{},"end":{}}],"line":130},"9":{"loc":{"start":{"line":131,"column":6},"end":{"line":133,"column":null}},"type":"binary-expr","locations":[{"start":{"line":131,"column":6},"end":{"line":131,"column":null}},{"start":{"line":132,"column":6},"end":{"line":132,"column":null}},{"start":{"line":133,"column":6},"end":{"line":133,"column":null}}],"line":131},"10":{"loc":{"start":{"line":137,"column":6},"end":{"line":138,"column":null}},"type":"if","locations":[{"start":{"line":137,"column":6},"end":{"line":138,"column":null}},{"start":{},"end":{}}],"line":137},"11":{"loc":{"start":{"line":148,"column":6},"end":{"line":151,"column":null}},"type":"if","locations":[{"start":{"line":148,"column":6},"end":{"line":151,"column":null}},{"start":{"line":150,"column":13},"end":{"line":151,"column":null}}],"line":148},"12":{"loc":{"start":{"line":159,"column":4},"end":{"line":164,"column":null}},"type":"if","locations":[{"start":{"line":159,"column":4},"end":{"line":164,"column":null}},{"start":{},"end":{}}],"line":159},"13":{"loc":{"start":{"line":168,"column":4},"end":{"line":173,"column":null}},"type":"if","locations":[{"start":{"line":168,"column":4},"end":{"line":173,"column":null}},{"start":{},"end":{}}],"line":168},"14":{"loc":{"start":{"line":169,"column":6},"end":{"line":171,"column":null}},"type":"binary-expr","locations":[{"start":{"line":169,"column":6},"end":{"line":169,"column":null}},{"start":{"line":170,"column":6},"end":{"line":170,"column":null}},{"start":{"line":171,"column":6},"end":{"line":171,"column":null}}],"line":169},"15":{"loc":{"start":{"line":211,"column":11},"end":{"line":225,"column":null}},"type":"binary-expr","locations":[{"start":{"line":211,"column":11},"end":{"line":225,"column":12}},{"start":{"line":225,"column":17},"end":{"line":225,"column":null}}],"line":211},"16":{"loc":{"start":{"line":217,"column":14},"end":{"line":218,"column":null}},"type":"if","locations":[{"start":{"line":217,"column":14},"end":{"line":218,"column":null}},{"start":{},"end":{}}],"line":217},"17":{"loc":{"start":{"line":221,"column":14},"end":{"line":222,"column":null}},"type":"if","locations":[{"start":{"line":221,"column":14},"end":{"line":222,"column":null}},{"start":{},"end":{}}],"line":221},"18":{"loc":{"start":{"line":226,"column":8},"end":{"line":227,"column":null}},"type":"if","locations":[{"start":{"line":226,"column":8},"end":{"line":227,"column":null}},{"start":{},"end":{}}],"line":226},"19":{"loc":{"start":{"line":230,"column":8},"end":{"line":231,"column":null}},"type":"if","locations":[{"start":{"line":230,"column":8},"end":{"line":231,"column":null}},{"start":{},"end":{}}],"line":230},"20":{"loc":{"start":{"line":258,"column":10},"end":{"line":268,"column":null}},"type":"if","locations":[{"start":{"line":258,"column":10},"end":{"line":268,"column":null}},{"start":{"line":266,"column":17},"end":{"line":268,"column":null}}],"line":258},"21":{"loc":{"start":{"line":271,"column":8},"end":{"line":276,"column":null}},"type":"if","locations":[{"start":{"line":271,"column":8},"end":{"line":276,"column":null}},{"start":{},"end":{}}],"line":271},"22":{"loc":{"start":{"line":303,"column":2},"end":{"line":304,"column":null}},"type":"if","locations":[{"start":{"line":303,"column":2},"end":{"line":304,"column":null}},{"start":{},"end":{}}],"line":303},"23":{"loc":{"start":{"line":318,"column":2},"end":{"line":321,"column":null}},"type":"if","locations":[{"start":{"line":318,"column":2},"end":{"line":321,"column":null}},{"start":{"line":320,"column":9},"end":{"line":321,"column":null}}],"line":318},"24":{"loc":{"start":{"line":341,"column":2},"end":{"line":342,"column":null}},"type":"if","locations":[{"start":{"line":341,"column":2},"end":{"line":342,"column":null}},{"start":{},"end":{}}],"line":341}},"s":{"0":0,"1":0,"2":0,"3":0,"4":0,"5":0,"6":0,"7":0,"8":0,"9":0,"10":0,"11":0,"12":0,"13":0,"14":0,"15":0,"16":0,"17":0,"18":0,"19":0,"20":0,"21":0,"22":0,"23":0,"24":0,"25":0,"26":0,"27":0,"28":0,"29":0,"30":0,"31":0,"32":0,"33":0,"34":0,"35":0,"36":0,"37":0,"38":0,"39":0,"40":0,"41":0,"42":0,"43":0,"44":0,"45":0,"46":0,"47":0,"48":0,"49":0,"50":0,"51":0,"52":0,"53":0,"54":0,"55":0,"56":0,"57":0,"58":0,"59":0,"60":0,"61":0,"62":0,"63":0,"64":0,"65":0,"66":0,"67":0,"68":0,"69":0,"70":0,"71":0,"72":0,"73":0,"74":0,"75":0,"76":0,"77":0,"78":0,"79":0,"80":0,"81":0,"82":0,"83":0,"84":0,"85":0,"86":0,"87":0,"88":0,"89":0,"90":0,"91":0,"92":0,"93":0,"94":0,"95":0,"96":0,"97":0,"98":0,"99":0,"100":0,"101":0,"102":0,"103":0,"104":0,"105":0,"106":0,"107":0,"108":0,"109":0,"110":0,"111":0,"112":0,"113":0},"f":{"0":0,"1":0,"2":0,"3":0,"4":0,"5":0,"6":0,"7":0,"8":0,"9":0,"10":0,"11":0,"12":0,"13":0,"14":0,"15":0,"16":0},"b":{"0":[0,0],"1":[0,0],"2":[0,0],"3":[0,0],"4":[0,0],"5":[0,0,0],"6":[0,0],"7":[0,0,0],"8":[0,0],"9":[0,0,0],"10":[0,0],"11":[0,0],"12":[0,0],"13":[0,0],"14":[0,0,0],"15":[0,0],"16":[0,0],"17":[0,0],"18":[0,0],"19":[0,0],"20":[0,0],"21":[0,0],"22":[0,0],"23":[0,0],"24":[0,0]},"meta":{"lastBranch":25,"lastFunction":17,"lastStatement":114,"seen":{"f:31:22:31:Infinity":0,"s:38:4:40:Infinity":0,"b:39:8:39:Infinity:40:8:40:Infinity":0,"b:42:2:52:Infinity:undefined:undefined:undefined:undefined":1,"s:42:2:52:Infinity":1,"b:43:4:44:Infinity:undefined:undefined:undefined:undefined":2,"s:43:4:44:Infinity":2,"s:44:6:44:Infinity":3,"s:46:17:46:29":4,"s:47:4:52:Infinity":5,"b:50:10:50:44:51:10:51:29":3,"s:54:31:56:Infinity":6,"s:58:2:58:Infinity":7,"s:59:2:59:Infinity":8,"s:60:2:61:Infinity":9,"s:62:2:62:Infinity":10,"s:64:30:64:71":11,"s:65:23:67:45":12,"s:74:6:74:15":13,"s:76:4:76:93":14,"s:78:18:82:Infinity":15,"s:84:2:91:Infinity":16,"f:86:12:86:30":1,"s:86:30:86:55":17,"f:87:12:87:30":2,"s:87:30:87:55":18,"f:88:12:88:30":3,"s:89:6:89:Infinity":19,"f:92:17:92:63":4,"s:93:4:105:Infinity":20,"s:94:30:95:Infinity":21,"s:97:22:100:24":22,"s:101:21:101:40":23,"b:102:6:103:Infinity:undefined:undefined:undefined:undefined":4,"s:102:6:103:Infinity":24,"b:102:10:102:20:102:20:102:50:102:50:102:67":5,"s:103:8:103:Infinity":25,"s:108:4:108:Infinity":26,"f:110:17:110:43":5,"s:111:60:111:62":27,"s:112:4:124:Infinity":28,"s:113:23:119:Infinity":29,"b:121:6:122:Infinity:undefined:undefined:undefined:undefined":6,"s:121:6:122:Infinity":30,"b:121:10:121:22:121:22:121:54:121:54:121:73":7,"s:122:8:122:Infinity":31,"s:125:23:125:Infinity":32,"s:126:47:126:Infinity":33,"b:130:4:138:Infinity:undefined:undefined:undefined:undefined":8,"s:130:4:138:Infinity":34,"b:131:6:131:Infinity:132:6:132:Infinity:133:6:133:Infinity":9,"s:135:28:135:58":35,"s:136:18:136:Infinity":36,"b:137:6:138:Infinity:undefined:undefined:undefined:undefined":10,"s:137:6:138:Infinity":37,"s:138:8:138:Infinity":38,"s:141:50:141:52":39,"s:142:52:142:54":40,"s:143:52:143:54":41,"s:145:4:151:Infinity":42,"b:148:6:151:Infinity:150:13:151:Infinity":11,"s:148:6:151:Infinity":43,"s:149:8:149:Infinity":44,"s:151:8:151:Infinity":45,"s:155:4:156:Infinity":46,"s:156:6:156:Infinity":47,"s:158:4:158:Infinity":48,"b:159:4:164:Infinity:undefined:undefined:undefined:undefined":12,"s:159:4:164:Infinity":49,"s:160:6:164:Infinity":50,"f:167:17:167:39":6,"b:168:4:173:Infinity:undefined:undefined:undefined:undefined":13,"s:168:4:173:Infinity":51,"b:169:6:169:Infinity:170:6:170:Infinity:171:6:171:Infinity":14,"s:173:6:173:Infinity":52,"s:177:29:177:57":53,"s:180:4:180:Infinity":54,"s:182:21:183:Infinity":55,"s:185:4:188:Infinity":56,"s:192:18:279:Infinity":57,"f:196:6:196:26":7,"s:197:8:197:Infinity":58,"f:199:12:199:Infinity":8,"s:203:8:203:Infinity":59,"f:205:12:205:Infinity":9,"s:211:11:225:Infinity":60,"b:211:11:225:12:225:17:225:Infinity":15,"f:216:18:216:32":10,"b:217:14:218:Infinity:undefined:undefined:undefined:undefined":16,"s:217:14:218:Infinity":61,"s:218:16:218:Infinity":62,"s:220:14:220:Infinity":63,"b:221:14:222:Infinity:undefined:undefined:undefined:undefined":17,"s:221:14:222:Infinity":64,"s:222:16:222:Infinity":65,"b:226:8:227:Infinity:undefined:undefined:undefined:undefined":18,"s:226:8:227:Infinity":66,"s:227:10:227:Infinity":67,"s:229:20:229:Infinity":68,"b:230:8:231:Infinity:undefined:undefined:undefined:undefined":19,"s:230:8:231:Infinity":69,"s:231:10:231:Infinity":70,"s:233:24:233:54":71,"s:234:28:234:61":72,"s:235:8:235:Infinity":73,"s:236:8:236:Infinity":74,"s:237:8:237:Infinity":75,"s:238:8:242:Infinity":76,"s:243:8:243:Infinity":77,"f:245:12:245:26":11,"s:246:24:246:51":78,"s:247:8:249:Infinity":79,"s:248:10:248:Infinity":80,"s:250:8:270:Infinity":81,"s:252:35:252:63":82,"s:255:10:255:Infinity":83,"b:258:10:268:Infinity:266:17:268:Infinity":20,"s:258:10:268:Infinity":84,"s:259:29:261:32":85,"s:262:12:265:Infinity":86,"s:268:12:268:Infinity":87,"b:271:8:276:Infinity:undefined:undefined:undefined:undefined":21,"s:271:8:276:Infinity":88,"s:272:10:276:Infinity":89,"s:281:2:281:Infinity":90,"s:282:2:289:Infinity":91,"f:282:63:282:75":12,"s:286:4:288:Infinity":92,"s:290:2:292:Infinity":93,"s:291:4:291:Infinity":94,"s:294:2:302:Infinity":95,"s:295:4:301:Infinity":96,"b:303:2:304:Infinity:undefined:undefined:undefined:undefined":22,"s:303:2:304:Infinity":97,"s:304:4:304:Infinity":98,"s:307:2:307:Infinity":99,"f:310:22:310:34":13,"s:311:18:316:Infinity":100,"b:318:2:321:Infinity:320:9:321:Infinity":23,"s:318:2:321:Infinity":101,"s:319:4:319:Infinity":102,"s:321:4:321:Infinity":103,"f:325:16:325:30":14,"s:326:2:326:Infinity":104,"f:329:22:329:Infinity":15,"s:332:21:332:42":105,"s:333:17:339:4":106,"s:340:20:340:50":107,"b:341:2:342:Infinity:undefined:undefined:undefined:undefined":24,"s:341:2:342:Infinity":108,"s:342:4:342:Infinity":109,"s:344:36:344:66":110,"s:345:2:345:Infinity":111,"f:348:16:348:34":16,"s:352:19:352:Infinity":112,"s:353:2:361:Infinity":113}}}
,"/Users/jdalton/projects/socket-vscode/src/extension.ts": {"path":"/Users/jdalton/projects/socket-vscode/src/extension.ts","statementMap":{"0":{"start":{"line":19,"column":2},"end":{"line":19,"column":null}},"1":{"start":{"line":20,"column":2},"end":{"line":20,"column":null}},"2":{"start":{"line":21,"column":2},"end":{"line":21,"column":null}},"3":{"start":{"line":22,"column":2},"end":{"line":43,"column":null}},"4":{"start":{"line":24,"column":6},"end":{"line":29,"column":null}},"5":{"start":{"line":32,"column":6},"end":{"line":39,"column":null}},"6":{"start":{"line":34,"column":10},"end":{"line":34,"column":null}},"7":{"start":{"line":37,"column":10},"end":{"line":37,"column":null}},"8":{"start":{"line":40,"column":4},"end":{"line":43,"column":null}}},"fnMap":{"0":{"name":"activate","decl":{"start":{"line":18,"column":22},"end":{"line":18,"column":31}},"loc":{"start":{"line":18,"column":65},"end":{"line":43,"column":null}},"line":18},"1":{"name":"(anonymous_1)","decl":{"start":{"line":33,"column":8},"end":{"line":33,"column":36}},"loc":{"start":{"line":33,"column":44},"end":{"line":34,"column":null}},"line":33},"2":{"name":"(anonymous_2)","decl":{"start":{"line":36,"column":8},"end":{"line":36,"column":35}},"loc":{"start":{"line":36,"column":48},"end":{"line":37,"column":null}},"line":36}},"branchMap":{"0":{"loc":{"start":{"line":22,"column":2},"end":{"line":43,"column":null}},"type":"if","locations":[{"start":{"line":22,"column":2},"end":{"line":43,"column":null}},{"start":{},"end":{}}],"line":22}},"s":{"0":0,"1":0,"2":0,"3":0,"4":0,"5":0,"6":0,"7":0,"8":0},"f":{"0":0,"1":0,"2":0},"b":{"0":[0,0]},"meta":{"lastBranch":1,"lastFunction":3,"lastStatement":9,"seen":{"f:18:22:18:31":0,"s:19:2:19:Infinity":0,"s:20:2:20:Infinity":1,"s:21:2:21:Infinity":2,"b:22:2:43:Infinity:undefined:undefined:undefined:undefined":0,"s:22:2:43:Infinity":3,"s:24:6:29:Infinity":4,"s:32:6:39:Infinity":5,"f:33:8:33:36":1,"s:34:10:34:Infinity":6,"f:36:8:36:35":2,"s:37:10:37:Infinity":7,"s:40:4:43:Infinity":8}}}
,"/Users/jdalton/projects/socket-vscode/src/fs-watch.ts": {"path":"/Users/jdalton/projects/socket-vscode/src/fs-watch.ts","statementMap":{"0":{"start":{"line":10,"column":50},"end":{"line":10,"column":59}},"1":{"start":{"line":45,"column":52},"end":{"line":45,"column":54}},"2":{"start":{"line":46,"column":4},"end":{"line":47,"column":null}},"3":{"start":{"line":47,"column":6},"end":{"line":47,"column":null}},"4":{"start":{"line":49,"column":4},"end":{"line":50,"column":null}},"5":{"start":{"line":50,"column":6},"end":{"line":50,"column":null}},"6":{"start":{"line":52,"column":4},"end":{"line":53,"column":null}},"7":{"start":{"line":53,"column":6},"end":{"line":53,"column":null}},"8":{"start":{"line":55,"column":4},"end":{"line":55,"column":null}},"9":{"start":{"line":56,"column":4},"end":{"line":58,"column":null}},"10":{"start":{"line":57,"column":6},"end":{"line":57,"column":null}},"11":{"start":{"line":62,"column":57},"end":{"line":62,"column":59}},"12":{"start":{"line":68,"column":17},"end":{"line":68,"column":null}},"13":{"start":{"line":69,"column":2},"end":{"line":73,"column":null}},"14":{"start":{"line":70,"column":4},"end":{"line":72,"column":null}},"15":{"start":{"line":73,"column":4},"end":{"line":73,"column":null}},"16":{"start":{"line":75,"column":2},"end":{"line":75,"column":null}}},"fnMap":{"0":{"name":"(anonymous_0)","decl":{"start":{"line":43,"column":2},"end":{"line":43,"column":8}},"loc":{"start":{"line":43,"column":68},"end":{"line":58,"column":null}},"line":43},"1":{"name":"(anonymous_1)","decl":{"start":{"line":56,"column":22},"end":{"line":56,"column":39}},"loc":{"start":{"line":56,"column":39},"end":{"line":58,"column":null}},"line":56},"2":{"name":"watch","decl":{"start":{"line":64,"column":16},"end":{"line":64,"column":null}},"loc":{"start":{"line":67,"column":2},"end":{"line":75,"column":null}},"line":67}},"branchMap":{"0":{"loc":{"start":{"line":46,"column":4},"end":{"line":47,"column":null}},"type":"if","locations":[{"start":{"line":46,"column":4},"end":{"line":47,"column":null}},{"start":{},"end":{}}],"line":46},"1":{"loc":{"start":{"line":49,"column":4},"end":{"line":50,"column":null}},"type":"if","locations":[{"start":{"line":49,"column":4},"end":{"line":50,"column":null}},{"start":{},"end":{}}],"line":49},"2":{"loc":{"start":{"line":52,"column":4},"end":{"line":53,"column":null}},"type":"if","locations":[{"start":{"line":52,"column":4},"end":{"line":53,"column":null}},{"start":{},"end":{}}],"line":52},"3":{"loc":{"start":{"line":69,"column":2},"end":{"line":73,"column":null}},"type":"if","locations":[{"start":{"line":69,"column":2},"end":{"line":73,"column":null}},{"start":{},"end":{}}],"line":69}},"s":{"0":0,"1":0,"2":0,"3":0,"4":0,"5":0,"6":0,"7":0,"8":0,"9":0,"10":0,"11":0,"12":0,"13":0,"14":0,"15":0,"16":0},"f":{"0":0,"1":0,"2":0},"b":{"0":[0,0],"1":[0,0],"2":[0,0],"3":[0,0]},"meta":{"lastBranch":4,"lastFunction":3,"lastStatement":17,"seen":{"s:10:50:10:59":0,"f:43:2:43:8":0,"s:45:52:45:54":1,"b:46:4:47:Infinity:undefined:undefined:undefined:undefined":0,"s:46:4:47:Infinity":2,"s:47:6:47:Infinity":3,"b:49:4:50:Infinity:undefined:undefined:undefined:undefined":1,"s:49:4:50:Infinity":4,"s:50:6:50:Infinity":5,"b:52:4:53:Infinity:undefined:undefined:undefined:undefined":2,"s:52:4:53:Infinity":6,"s:53:6:53:Infinity":7,"s:55:4:55:Infinity":8,"s:56:4:58:Infinity":9,"f:56:22:56:39":1,"s:57:6:57:Infinity":10,"s:62:57:62:59":11,"f:64:16:64:Infinity":2,"s:68:17:68:Infinity":12,"b:69:2:73:Infinity:undefined:undefined:undefined:undefined":3,"s:69:2:73:Infinity":13,"s:70:4:72:Infinity":14,"s:73:4:73:Infinity":15,"s:75:2:75:Infinity":16}}}
,"/Users/jdalton/projects/socket-vscode/src/util.ts": {"path":"/Users/jdalton/projects/socket-vscode/src/util.ts","statementMap":{"0":{"start":{"line":3,"column":37},"end":{"line":3,"column":null}},"1":{"start":{"line":4,"column":32},"end":{"line":4,"column":null}},"2":{"start":{"line":10,"column":2},"end":{"line":11,"column":null}},"3":{"start":{"line":11,"column":4},"end":{"line":11,"column":null}},"4":{"start":{"line":21,"column":24},"end":{"line":21,"column":null}},"5":{"start":{"line":29,"column":6},"end":{"line":29,"column":null}},"6":{"start":{"line":32,"column":32},"end":{"line":32,"column":34}},"7":{"start":{"line":33,"column":25},"end":{"line":33,"column":null}},"8":{"start":{"line":34,"column":6},"end":{"line":44,"column":null}},"9":{"start":{"line":34,"column":19},"end":{"line":34,"column":22}},"10":{"start":{"line":34,"column":35},"end":{"line":34,"column":47}},"11":{"start":{"line":35,"column":26},"end":{"line":35,"column":null}},"12":{"start":{"line":36,"column":8},"end":{"line":41,"column":null}},"13":{"start":{"line":37,"column":10},"end":{"line":37,"column":null}},"14":{"start":{"line":38,"column":19},"end":{"line":41,"column":null}},"15":{"start":{"line":39,"column":10},"end":{"line":39,"column":null}},"16":{"start":{"line":40,"column":19},"end":{"line":41,"column":null}},"17":{"start":{"line":41,"column":10},"end":{"line":41,"column":null}},"18":{"start":{"line":43,"column":8},"end":{"line":44,"column":null}},"19":{"start":{"line":44,"column":10},"end":{"line":44,"column":null}},"20":{"start":{"line":47,"column":6},"end":{"line":47,"column":null}},"21":{"start":{"line":57,"column":6},"end":{"line":57,"column":null}},"22":{"start":{"line":60,"column":21},"end":{"line":60,"column":25}},"23":{"start":{"line":61,"column":23},"end":{"line":61,"column":null}},"24":{"start":{"line":62,"column":6},"end":{"line":80,"column":null}},"25":{"start":{"line":62,"column":19},"end":{"line":62,"column":22}},"26":{"start":{"line":62,"column":35},"end":{"line":62,"column":45}},"27":{"start":{"line":63,"column":24},"end":{"line":63,"column":null}},"28":{"start":{"line":65,"column":8},"end":{"line":72,"column":null}},"29":{"start":{"line":66,"column":10},"end":{"line":66,"column":null}},"30":{"start":{"line":67,"column":19},"end":{"line":72,"column":null}},"31":{"start":{"line":68,"column":10},"end":{"line":68,"column":null}},"32":{"start":{"line":69,"column":19},"end":{"line":72,"column":null}},"33":{"start":{"line":70,"column":10},"end":{"line":70,"column":null}},"34":{"start":{"line":72,"column":10},"end":{"line":72,"column":null}},"35":{"start":{"line":74,"column":8},"end":{"line":80,"column":null}},"36":{"start":{"line":75,"column":10},"end":{"line":76,"column":null}},"37":{"start":{"line":76,"column":12},"end":{"line":76,"column":null}},"38":{"start":{"line":78,"column":10},"end":{"line":80,"column":null}},"39":{"start":{"line":79,"column":12},"end":{"line":79,"column":null}},"40":{"start":{"line":79,"column":42},"end":{"line":79,"column":63}},"41":{"start":{"line":83,"column":6},"end":{"line":83,"column":null}},"42":{"start":{"line":89,"column":19},"end":{"line":89,"column":null}},"43":{"start":{"line":90,"column":17},"end":{"line":90,"column":36}},"44":{"start":{"line":91,"column":54},"end":{"line":91,"column":60}},"45":{"start":{"line":92,"column":16},"end":{"line":92,"column":null}},"46":{"start":{"line":93,"column":16},"end":{"line":93,"column":32}},"47":{"start":{"line":94,"column":4},"end":{"line":140,"column":null}},"48":{"start":{"line":95,"column":6},"end":{"line":140,"column":null}},"49":{"start":{"line":96,"column":18},"end":{"line":96,"column":null}},"50":{"start":{"line":97,"column":8},"end":{"line":136,"column":null}},"51":{"start":{"line":98,"column":25},"end":{"line":98,"column":null}},"52":{"start":{"line":99,"column":26},"end":{"line":99,"column":38}},"53":{"start":{"line":100,"column":10},"end":{"line":100,"column":null}},"54":{"start":{"line":101,"column":10},"end":{"line":101,"column":null}},"55":{"start":{"line":102,"column":19},"end":{"line":136,"column":null}},"56":{"start":{"line":103,"column":25},"end":{"line":103,"column":54}},"57":{"start":{"line":104,"column":20},"end":{"line":104,"column":37}},"58":{"start":{"line":105,"column":23},"end":{"line":105,"column":42}},"59":{"start":{"line":106,"column":26},"end":{"line":106,"column":38}},"60":{"start":{"line":107,"column":10},"end":{"line":107,"column":null}},"61":{"start":{"line":108,"column":10},"end":{"line":108,"column":null}},"62":{"start":{"line":109,"column":10},"end":{"line":109,"column":null}},"63":{"start":{"line":110,"column":10},"end":{"line":110,"column":null}},"64":{"start":{"line":111,"column":10},"end":{"line":111,"column":null}},"65":{"start":{"line":112,"column":19},"end":{"line":136,"column":null}},"66":{"start":{"line":113,"column":26},"end":{"line":113,"column":38}},"67":{"start":{"line":114,"column":10},"end":{"line":116,"column":null}},"68":{"start":{"line":115,"column":12},"end":{"line":115,"column":null}},"69":{"start":{"line":116,"column":12},"end":{"line":116,"column":null}},"70":{"start":{"line":118,"column":23},"end":{"line":118,"column":52}},"71":{"start":{"line":119,"column":25},"end":{"line":119,"column":36}},"72":{"start":{"line":123,"column":10},"end":{"line":123,"column":null}},"73":{"start":{"line":124,"column":10},"end":{"line":124,"column":null}},"74":{"start":{"line":125,"column":19},"end":{"line":136,"column":null}},"75":{"start":{"line":126,"column":26},"end":{"line":126,"column":38}},"76":{"start":{"line":127,"column":10},"end":{"line":129,"column":null}},"77":{"start":{"line":128,"column":12},"end":{"line":128,"column":null}},"78":{"start":{"line":129,"column":12},"end":{"line":129,"column":null}},"79":{"start":{"line":131,"column":23},"end":{"line":131,"column":52}},"80":{"start":{"line":132,"column":25},"end":{"line":132,"column":36}},"81":{"start":{"line":133,"column":10},"end":{"line":133,"column":null}},"82":{"start":{"line":134,"column":23},"end":{"line":134,"column":42}},"83":{"start":{"line":135,"column":10},"end":{"line":135,"column":null}},"84":{"start":{"line":136,"column":10},"end":{"line":136,"column":null}},"85":{"start":{"line":139,"column":8},"end":{"line":139,"column":null}},"86":{"start":{"line":140,"column":8},"end":{"line":140,"column":null}},"87":{"start":{"line":143,"column":17},"end":{"line":143,"column":33}},"88":{"start":{"line":144,"column":4},"end":{"line":144,"column":null}},"89":{"start":{"line":145,"column":4},"end":{"line":145,"column":null}},"90":{"start":{"line":149,"column":2},"end":{"line":157,"column":null}},"91":{"start":{"line":150,"column":4},"end":{"line":150,"column":null}},"92":{"start":{"line":154,"column":4},"end":{"line":155,"column":null}},"93":{"start":{"line":155,"column":6},"end":{"line":155,"column":null}},"94":{"start":{"line":157,"column":4},"end":{"line":157,"column":null}},"95":{"start":{"line":159,"column":2},"end":{"line":159,"column":null}},"96":{"start":{"line":163,"column":2},"end":{"line":163,"column":null}}},"fnMap":{"0":{"name":"addDisposablesTo","decl":{"start":{"line":6,"column":16},"end":{"line":6,"column":null}},"loc":{"start":{"line":9,"column":8},"end":{"line":11,"column":null}},"line":9},"1":{"name":"flattenGlob","decl":{"start":{"line":15,"column":16},"end":{"line":15,"column":28}},"loc":{"start":{"line":15,"column":42},"end":{"line":159,"column":null}},"line":15},"2":{"name":"(anonymous_2)","decl":{"start":{"line":28,"column":4},"end":{"line":28,"column":9}},"loc":{"start":{"line":28,"column":21},"end":{"line":29,"column":null}},"line":28},"3":{"name":"(anonymous_3)","decl":{"start":{"line":31,"column":4},"end":{"line":31,"column":24}},"loc":{"start":{"line":31,"column":24},"end":{"line":47,"column":null}},"line":31},"4":{"name":"(anonymous_4)","decl":{"start":{"line":56,"column":4},"end":{"line":56,"column":9}},"loc":{"start":{"line":56,"column":21},"end":{"line":57,"column":null}},"line":56},"5":{"name":"(anonymous_5)","decl":{"start":{"line":59,"column":4},"end":{"line":59,"column":24}},"loc":{"start":{"line":59,"column":24},"end":{"line":83,"column":null}},"line":59},"6":{"name":"(anonymous_6)","decl":{"start":{"line":78,"column":30},"end":{"line":78,"column":38}},"loc":{"start":{"line":78,"column":48},"end":{"line":80,"column":null}},"line":78},"7":{"name":"(anonymous_7)","decl":{"start":{"line":79,"column":28},"end":{"line":79,"column":32}},"loc":{"start":{"line":79,"column":42},"end":{"line":79,"column":63}},"line":79},"8":{"name":"explode","decl":{"start":{"line":87,"column":11},"end":{"line":87,"column":19}},"loc":{"start":{"line":87,"column":32},"end":{"line":145,"column":null}},"line":87},"9":{"name":"getWorkspaceFolderURI","decl":{"start":{"line":162,"column":16},"end":{"line":162,"column":38}},"loc":{"start":{"line":162,"column":56},"end":{"line":163,"column":null}},"line":162}},"branchMap":{"0":{"loc":{"start":{"line":10,"column":2},"end":{"line":11,"column":null}},"type":"if","locations":[{"start":{"line":10,"column":2},"end":{"line":11,"column":null}},{"start":{},"end":{}}],"line":10},"1":{"loc":{"start":{"line":36,"column":8},"end":{"line":41,"column":null}},"type":"if","locations":[{"start":{"line":36,"column":8},"end":{"line":41,"column":null}},{"start":{"line":38,"column":19},"end":{"line":41,"column":null}}],"line":36},"2":{"loc":{"start":{"line":38,"column":19},"end":{"line":41,"column":null}},"type":"if","locations":[{"start":{"line":38,"column":19},"end":{"line":41,"column":null}},{"start":{"line":40,"column":19},"end":{"line":41,"column":null}}],"line":38},"3":{"loc":{"start":{"line":40,"column":19},"end":{"line":41,"column":null}},"type":"if","locations":[{"start":{"line":40,"column":19},"end":{"line":41,"column":null}},{"start":{},"end":{}}],"line":40},"4":{"loc":{"start":{"line":43,"column":8},"end":{"line":44,"column":null}},"type":"if","locations":[{"start":{"line":43,"column":8},"end":{"line":44,"column":null}},{"start":{},"end":{}}],"line":43},"5":{"loc":{"start":{"line":65,"column":8},"end":{"line":72,"column":null}},"type":"if","locations":[{"start":{"line":65,"column":8},"end":{"line":72,"column":null}},{"start":{"line":67,"column":19},"end":{"line":72,"column":null}}],"line":65},"6":{"loc":{"start":{"line":67,"column":19},"end":{"line":72,"column":null}},"type":"if","locations":[{"start":{"line":67,"column":19},"end":{"line":72,"column":null}},{"start":{"line":69,"column":19},"end":{"line":72,"column":null}}],"line":67},"7":{"loc":{"start":{"line":69,"column":19},"end":{"line":72,"column":null}},"type":"if","locations":[{"start":{"line":69,"column":19},"end":{"line":72,"column":null}},{"start":{"line":71,"column":15},"end":{"line":72,"column":null}}],"line":69},"8":{"loc":{"start":{"line":74,"column":8},"end":{"line":80,"column":null}},"type":"if","locations":[{"start":{"line":74,"column":8},"end":{"line":80,"column":null}},{"start":{},"end":{}}],"line":74},"9":{"loc":{"start":{"line":75,"column":10},"end":{"line":76,"column":null}},"type":"if","locations":[{"start":{"line":75,"column":10},"end":{"line":76,"column":null}},{"start":{},"end":{}}],"line":75},"10":{"loc":{"start":{"line":97,"column":8},"end":{"line":136,"column":null}},"type":"if","locations":[{"start":{"line":97,"column":8},"end":{"line":136,"column":null}},{"start":{"line":102,"column":19},"end":{"line":136,"column":null}}],"line":97},"11":{"loc":{"start":{"line":102,"column":19},"end":{"line":136,"column":null}},"type":"if","locations":[{"start":{"line":102,"column":19},"end":{"line":136,"column":null}},{"start":{"line":112,"column":19},"end":{"line":136,"column":null}}],"line":102},"12":{"loc":{"start":{"line":112,"column":19},"end":{"line":136,"column":null}},"type":"if","locations":[{"start":{"line":112,"column":19},"end":{"line":136,"column":null}},{"start":{"line":125,"column":19},"end":{"line":136,"column":null}}],"line":112},"13":{"loc":{"start":{"line":114,"column":10},"end":{"line":116,"column":null}},"type":"if","locations":[{"start":{"line":114,"column":10},"end":{"line":116,"column":null}},{"start":{},"end":{}}],"line":114},"14":{"loc":{"start":{"line":125,"column":19},"end":{"line":136,"column":null}},"type":"if","locations":[{"start":{"line":125,"column":19},"end":{"line":136,"column":null}},{"start":{},"end":{}}],"line":125},"15":{"loc":{"start":{"line":127,"column":10},"end":{"line":129,"column":null}},"type":"if","locations":[{"start":{"line":127,"column":10},"end":{"line":129,"column":null}},{"start":{},"end":{}}],"line":127},"16":{"loc":{"start":{"line":154,"column":4},"end":{"line":155,"column":null}},"type":"if","locations":[{"start":{"line":154,"column":4},"end":{"line":155,"column":null}},{"start":{},"end":{}}],"line":154},"17":{"loc":{"start":{"line":159,"column":9},"end":{"line":159,"column":null}},"type":"cond-expr","locations":[{"start":{"line":159,"column":28},"end":{"line":159,"column":54}},{"start":{"line":159,"column":54},"end":{"line":159,"column":null}}],"line":159},"18":{"loc":{"start":{"line":159,"column":54},"end":{"line":159,"column":null}},"type":"binary-expr","locations":[{"start":{"line":159,"column":54},"end":{"line":159,"column":66}},{"start":{"line":159,"column":66},"end":{"line":159,"column":null}}],"line":159}},"s":{"0":2,"1":2,"2":0,"3":0,"4":501,"5":1134,"6":354,"7":354,"8":354,"9":354,"10":354,"11":1102,"12":1102,"13":0,"14":1102,"15":1102,"16":0,"17":0,"18":1102,"19":0,"20":354,"21":2434,"22":1603,"23":1603,"24":1603,"25":1603,"26":1603,"27":2369,"28":2369,"29":2015,"30":354,"31":0,"32":354,"33":354,"34":0,"35":2369,"36":2369,"37":1,"38":2368,"39":28294,"40":37692,"41":2368,"42":501,"43":501,"44":501,"45":501,"46":501,"47":501,"48":1563,"49":1563,"50":1563,"51":27,"52":27,"53":27,"54":27,"55":1536,"56":370,"57":370,"58":370,"59":370,"60":370,"61":370,"62":370,"63":370,"64":370,"65":1166,"66":374,"67":374,"68":27,"69":27,"70":347,"71":347,"72":347,"73":347,"74":792,"75":792,"76":792,"77":28,"78":28,"79":764,"80":764,"81":764,"82":764,"83":764,"84":764,"85":1563,"86":1563,"87":501,"88":501,"89":501,"90":501,"91":501,"92":1,"93":1,"94":0,"95":500,"96":0},"f":{"0":0,"1":501,"2":1134,"3":354,"4":2434,"5":1603,"6":28294,"7":37692,"8":501,"9":0},"b":{"0":[0,0],"1":[0,1102],"2":[1102,0],"3":[0,0],"4":[0,1102],"5":[2015,354],"6":[0,354],"7":[354,0],"8":[2369,0],"9":[1,2368],"10":[27,1536],"11":[370,1166],"12":[374,792],"13":[27,347],"14":[792,0],"15":[28,764],"16":[1,0],"17":[143,357],"18":[357,0]},"meta":{"lastBranch":19,"lastFunction":10,"lastStatement":97,"seen":{"s:3:37:3:Infinity":0,"s:4:32:4:Infinity":1,"f:6:16:6:Infinity":0,"b:10:2:11:Infinity:undefined:undefined:undefined:undefined":0,"s:10:2:11:Infinity":2,"s:11:4:11:Infinity":3,"f:15:16:15:28":1,"s:21:24:21:Infinity":4,"f:28:4:28:9":2,"s:29:6:29:Infinity":5,"f:31:4:31:24":3,"s:32:32:32:34":6,"s:33:25:33:Infinity":7,"s:34:6:44:Infinity":8,"s:34:19:34:22":9,"s:34:35:34:47":10,"s:35:26:35:Infinity":11,"b:36:8:41:Infinity:38:19:41:Infinity":1,"s:36:8:41:Infinity":12,"s:37:10:37:Infinity":13,"b:38:19:41:Infinity:40:19:41:Infinity":2,"s:38:19:41:Infinity":14,"s:39:10:39:Infinity":15,"b:40:19:41:Infinity:undefined:undefined:undefined:undefined":3,"s:40:19:41:Infinity":16,"s:41:10:41:Infinity":17,"b:43:8:44:Infinity:undefined:undefined:undefined:undefined":4,"s:43:8:44:Infinity":18,"s:44:10:44:Infinity":19,"s:47:6:47:Infinity":20,"f:56:4:56:9":4,"s:57:6:57:Infinity":21,"f:59:4:59:24":5,"s:60:21:60:25":22,"s:61:23:61:Infinity":23,"s:62:6:80:Infinity":24,"s:62:19:62:22":25,"s:62:35:62:45":26,"s:63:24:63:Infinity":27,"b:65:8:72:Infinity:67:19:72:Infinity":5,"s:65:8:72:Infinity":28,"s:66:10:66:Infinity":29,"b:67:19:72:Infinity:69:19:72:Infinity":6,"s:67:19:72:Infinity":30,"s:68:10:68:Infinity":31,"b:69:19:72:Infinity:71:15:72:Infinity":7,"s:69:19:72:Infinity":32,"s:70:10:70:Infinity":33,"s:72:10:72:Infinity":34,"b:74:8:80:Infinity:undefined:undefined:undefined:undefined":8,"s:74:8:80:Infinity":35,"b:75:10:76:Infinity:undefined:undefined:undefined:undefined":9,"s:75:10:76:Infinity":36,"s:76:12:76:Infinity":37,"s:78:10:80:Infinity":38,"f:78:30:78:38":6,"s:79:12:79:Infinity":39,"f:79:28:79:32":7,"s:79:42:79:63":40,"s:83:6:83:Infinity":41,"f:87:11:87:19":8,"s:89:19:89:Infinity":42,"s:90:17:90:36":43,"s:91:54:91:60":44,"s:92:16:92:Infinity":45,"s:93:16:93:32":46,"s:94:4:140:Infinity":47,"s:95:6:140:Infinity":48,"s:96:18:96:Infinity":49,"b:97:8:136:Infinity:102:19:136:Infinity":10,"s:97:8:136:Infinity":50,"s:98:25:98:Infinity":51,"s:99:26:99:38":52,"s:100:10:100:Infinity":53,"s:101:10:101:Infinity":54,"b:102:19:136:Infinity:112:19:136:Infinity":11,"s:102:19:136:Infinity":55,"s:103:25:103:54":56,"s:104:20:104:37":57,"s:105:23:105:42":58,"s:106:26:106:38":59,"s:107:10:107:Infinity":60,"s:108:10:108:Infinity":61,"s:109:10:109:Infinity":62,"s:110:10:110:Infinity":63,"s:111:10:111:Infinity":64,"b:112:19:136:Infinity:125:19:136:Infinity":12,"s:112:19:136:Infinity":65,"s:113:26:113:38":66,"b:114:10:116:Infinity:undefined:undefined:undefined:undefined":13,"s:114:10:116:Infinity":67,"s:115:12:115:Infinity":68,"s:116:12:116:Infinity":69,"s:118:23:118:52":70,"s:119:25:119:36":71,"s:123:10:123:Infinity":72,"s:124:10:124:Infinity":73,"b:125:19:136:Infinity:undefined:undefined:undefined:undefined":14,"s:125:19:136:Infinity":74,"s:126:26:126:38":75,"b:127:10:129:Infinity:undefined:undefined:undefined:undefined":15,"s:127:10:129:Infinity":76,"s:128:12:128:Infinity":77,"s:129:12:129:Infinity":78,"s:131:23:131:52":79,"s:132:25:132:36":80,"s:133:10:133:Infinity":81,"s:134:23:134:42":82,"s:135:10:135:Infinity":83,"s:136:10:136:Infinity":84,"s:139:8:139:Infinity":85,"s:140:8:140:Infinity":86,"s:143:17:143:33":87,"s:144:4:144:Infinity":88,"s:145:4:145:Infinity":89,"s:149:2:157:Infinity":90,"s:150:4:150:Infinity":91,"b:154:4:155:Infinity:undefined:undefined:undefined:undefined":16,"s:154:4:155:Infinity":92,"s:155:6:155:Infinity":93,"s:157:4:157:Infinity":94,"s:159:2:159:Infinity":95,"b:159:28:159:54:159:54:159:Infinity":17,"b:159:54:159:66:159:66:159:Infinity":18,"f:162:16:162:38":9,"s:163:2:163:Infinity":96}}}
,"/Users/jdalton/projects/socket-vscode/src/data/editor-config.ts": {"path":"/Users/jdalton/projects/socket-vscode/src/data/editor-config.ts","statementMap":{"0":{"start":{"line":23,"column":47},"end":{"line":23,"column":56}},"1":{"start":{"line":25,"column":4},"end":{"line":30,"column":null}},"2":{"start":{"line":26,"column":16},"end":{"line":27,"column":null}},"3":{"start":{"line":29,"column":6},"end":{"line":30,"column":null}},"4":{"start":{"line":30,"column":8},"end":{"line":30,"column":null}},"5":{"start":{"line":33,"column":4},"end":{"line":52,"column":null}},"6":{"start":{"line":35,"column":22},"end":{"line":35,"column":31}},"7":{"start":{"line":37,"column":8},"end":{"line":47,"column":null}},"8":{"start":{"line":38,"column":10},"end":{"line":47,"column":null}},"9":{"start":{"line":39,"column":30},"end":{"line":39,"column":51}},"10":{"start":{"line":40,"column":12},"end":{"line":47,"column":null}},"11":{"start":{"line":42,"column":14},"end":{"line":47,"column":null}},"12":{"start":{"line":43,"column":16},"end":{"line":44,"column":null}},"13":{"start":{"line":44,"column":18},"end":{"line":44,"column":null}},"14":{"start":{"line":46,"column":16},"end":{"line":46,"column":null}},"15":{"start":{"line":47,"column":16},"end":{"line":47,"column":null}},"16":{"start":{"line":53,"column":4},"end":{"line":53,"column":null}},"17":{"start":{"line":56,"column":4},"end":{"line":56,"column":null}},"18":{"start":{"line":58,"column":4},"end":{"line":58,"column":null}},"19":{"start":{"line":61,"column":19},"end":{"line":61,"column":49}},"20":{"start":{"line":62,"column":4},"end":{"line":64,"column":null}},"21":{"start":{"line":63,"column":6},"end":{"line":63,"column":null}},"22":{"start":{"line":69,"column":17},"end":{"line":69,"column":52}},"23":{"start":{"line":70,"column":4},"end":{"line":72,"column":null}},"24":{"start":{"line":71,"column":6},"end":{"line":71,"column":null}},"25":{"start":{"line":74,"column":2},"end":{"line":111,"column":null}},"26":{"start":{"line":77,"column":33},"end":{"line":80,"column":null}},"27":{"start":{"line":81,"column":6},"end":{"line":85,"column":null}},"28":{"start":{"line":81,"column":19},"end":{"line":81,"column":22}},"29":{"start":{"line":81,"column":35},"end":{"line":81,"column":45}},"30":{"start":{"line":82,"column":24},"end":{"line":82,"column":null}},"31":{"start":{"line":83,"column":21},"end":{"line":83,"column":55}},"32":{"start":{"line":84,"column":8},"end":{"line":84,"column":null}},"33":{"start":{"line":85,"column":8},"end":{"line":85,"column":null}},"34":{"start":{"line":87,"column":6},"end":{"line":88,"column":null}},"35":{"start":{"line":88,"column":8},"end":{"line":88,"column":null}},"36":{"start":{"line":90,"column":6},"end":{"line":109,"column":null}},"37":{"start":{"line":93,"column":10},"end":{"line":105,"column":null}},"38":{"start":{"line":93,"column":23},"end":{"line":93,"column":26}},"39":{"start":{"line":93,"column":39},"end":{"line":93,"column":49}},"40":{"start":{"line":94,"column":28},"end":{"line":94,"column":null}},"41":{"start":{"line":95,"column":25},"end":{"line":95,"column":46}},"42":{"start":{"line":96,"column":12},"end":{"line":97,"column":null}},"43":{"start":{"line":97,"column":14},"end":{"line":97,"column":null}},"44":{"start":{"line":99,"column":12},"end":{"line":99,"column":null}},"45":{"start":{"line":100,"column":12},"end":{"line":101,"column":null}},"46":{"start":{"line":101,"column":14},"end":{"line":101,"column":null}},"47":{"start":{"line":103,"column":12},"end":{"line":105,"column":null}},"48":{"start":{"line":104,"column":14},"end":{"line":104,"column":null}},"49":{"start":{"line":105,"column":14},"end":{"line":105,"column":null}}},"fnMap":{"0":{"name":"activate","decl":{"start":{"line":17,"column":16},"end":{"line":17,"column":25}},"loc":{"start":{"line":17,"column":59},"end":{"line":111,"column":null}},"line":17},"1":{"name":"setupOnConfigChange","decl":{"start":{"line":24,"column":11},"end":{"line":24,"column":39}},"loc":{"start":{"line":24,"column":39},"end":{"line":53,"column":null}},"line":24},"2":{"name":"(anonymous_2)","decl":{"start":{"line":34,"column":23},"end":{"line":34,"column":48}},"loc":{"start":{"line":34,"column":53},"end":{"line":52,"column":null}},"line":34},"3":{"name":"getValuesForListener","decl":{"start":{"line":57,"column":11},"end":{"line":57,"column":32}},"loc":{"start":{"line":57,"column":52},"end":{"line":58,"column":null}},"line":57},"4":{"name":"fireListener","decl":{"start":{"line":60,"column":11},"end":{"line":60,"column":24}},"loc":{"start":{"line":60,"column":44},"end":{"line":64,"column":null}},"line":60},"5":{"name":"getConfigValues","decl":{"start":{"line":66,"column":11},"end":{"line":66,"column":null}},"loc":{"start":{"line":68,"column":13},"end":{"line":72,"column":null}},"line":68},"6":{"name":"(anonymous_6)","decl":{"start":{"line":70,"column":20},"end":{"line":70,"column":24}},"loc":{"start":{"line":70,"column":35},"end":{"line":72,"column":null}},"line":70},"7":{"name":"(anonymous_7)","decl":{"start":{"line":76,"column":4},"end":{"line":76,"column":22}},"loc":{"start":{"line":76,"column":56},"end":{"line":109,"column":null}},"line":76},"8":{"name":"(anonymous_8)","decl":{"start":{"line":92,"column":8},"end":{"line":92,"column":18}},"loc":{"start":{"line":92,"column":18},"end":{"line":105,"column":null}},"line":92}},"branchMap":{"0":{"loc":{"start":{"line":25,"column":4},"end":{"line":30,"column":null}},"type":"if","locations":[{"start":{"line":25,"column":4},"end":{"line":30,"column":null}},{"start":{},"end":{}}],"line":25},"1":{"loc":{"start":{"line":29,"column":6},"end":{"line":30,"column":null}},"type":"if","locations":[{"start":{"line":29,"column":6},"end":{"line":30,"column":null}},{"start":{},"end":{}}],"line":29},"2":{"loc":{"start":{"line":38,"column":10},"end":{"line":47,"column":null}},"type":"if","locations":[{"start":{"line":38,"column":10},"end":{"line":47,"column":null}},{"start":{},"end":{}}],"line":38},"3":{"loc":{"start":{"line":40,"column":12},"end":{"line":47,"column":null}},"type":"if","locations":[{"start":{"line":40,"column":12},"end":{"line":47,"column":null}},{"start":{},"end":{}}],"line":40},"4":{"loc":{"start":{"line":43,"column":16},"end":{"line":44,"column":null}},"type":"if","locations":[{"start":{"line":43,"column":16},"end":{"line":44,"column":null}},{"start":{},"end":{}}],"line":43},"5":{"loc":{"start":{"line":83,"column":21},"end":{"line":83,"column":55}},"type":"binary-expr","locations":[{"start":{"line":83,"column":21},"end":{"line":83,"column":42}},{"start":{"line":83,"column":46},"end":{"line":83,"column":55}}],"line":83},"6":{"loc":{"start":{"line":87,"column":6},"end":{"line":88,"column":null}},"type":"if","locations":[{"start":{"line":87,"column":6},"end":{"line":88,"column":null}},{"start":{},"end":{}}],"line":87},"7":{"loc":{"start":{"line":96,"column":12},"end":{"line":97,"column":null}},"type":"if","locations":[{"start":{"line":96,"column":12},"end":{"line":97,"column":null}},{"start":{},"end":{}}],"line":96},"8":{"loc":{"start":{"line":100,"column":12},"end":{"line":101,"column":null}},"type":"if","locations":[{"start":{"line":100,"column":12},"end":{"line":101,"column":null}},{"start":{},"end":{}}],"line":100},"9":{"loc":{"start":{"line":103,"column":12},"end":{"line":105,"column":null}},"type":"if","locations":[{"start":{"line":103,"column":12},"end":{"line":105,"column":null}},{"start":{},"end":{}}],"line":103}},"s":{"0":0,"1":0,"2":0,"3":0,"4":0,"5":0,"6":0,"7":0,"8":0,"9":0,"10":0,"11":0,"12":0,"13":0,"14":0,"15":0,"16":0,"17":0,"18":0,"19":0,"20":0,"21":0,"22":0,"23":0,"24":0,"25":0,"26":0,"27":0,"28":0,"29":0,"30":0,"31":0,"32":0,"33":0,"34":0,"35":0,"36":0,"37":0,"38":0,"39":0,"40":0,"41":0,"42":0,"43":0,"44":0,"45":0,"46":0,"47":0,"48":0,"49":0},"f":{"0":0,"1":0,"2":0,"3":0,"4":0,"5":0,"6":0,"7":0,"8":0},"b":{"0":[0,0],"1":[0,0],"2":[0,0],"3":[0,0],"4":[0,0],"5":[0,0],"6":[0,0],"7":[0,0],"8":[0,0],"9":[0,0]},"meta":{"lastBranch":10,"lastFunction":9,"lastStatement":50,"seen":{"f:17:16:17:25":0,"s:23:47:23:56":0,"f:24:11:24:39":1,"b:25:4:30:Infinity:undefined:undefined:undefined:undefined":0,"s:25:4:30:Infinity":1,"s:26:16:27:Infinity":2,"b:29:6:30:Infinity:undefined:undefined:undefined:undefined":1,"s:29:6:30:Infinity":3,"s:30:8:30:Infinity":4,"s:33:4:52:Infinity":5,"f:34:23:34:48":2,"s:35:22:35:31":6,"s:37:8:47:Infinity":7,"b:38:10:47:Infinity:undefined:undefined:undefined:undefined":2,"s:38:10:47:Infinity":8,"s:39:30:39:51":9,"b:40:12:47:Infinity:undefined:undefined:undefined:undefined":3,"s:40:12:47:Infinity":10,"s:42:14:47:Infinity":11,"b:43:16:44:Infinity:undefined:undefined:undefined:undefined":4,"s:43:16:44:Infinity":12,"s:44:18:44:Infinity":13,"s:46:16:46:Infinity":14,"s:47:16:47:Infinity":15,"s:53:4:53:Infinity":16,"s:56:4:56:Infinity":17,"f:57:11:57:32":3,"s:58:4:58:Infinity":18,"f:60:11:60:24":4,"s:61:19:61:49":19,"s:62:4:64:Infinity":20,"s:63:6:63:Infinity":21,"f:66:11:66:Infinity":5,"s:69:17:69:52":22,"s:70:4:72:Infinity":23,"f:70:20:70:24":6,"s:71:6:71:Infinity":24,"s:74:2:111:Infinity":25,"f:76:4:76:22":7,"s:77:33:80:Infinity":26,"s:81:6:85:Infinity":27,"s:81:19:81:22":28,"s:81:35:81:45":29,"s:82:24:82:Infinity":30,"s:83:21:83:55":31,"b:83:21:83:42:83:46:83:55":5,"s:84:8:84:Infinity":32,"s:85:8:85:Infinity":33,"b:87:6:88:Infinity:undefined:undefined:undefined:undefined":6,"s:87:6:88:Infinity":34,"s:88:8:88:Infinity":35,"s:90:6:109:Infinity":36,"f:92:8:92:18":8,"s:93:10:105:Infinity":37,"s:93:23:93:26":38,"s:93:39:93:49":39,"s:94:28:94:Infinity":40,"s:95:25:95:46":41,"b:96:12:97:Infinity:undefined:undefined:undefined:undefined":7,"s:96:12:97:Infinity":42,"s:97:14:97:Infinity":43,"s:99:12:99:Infinity":44,"b:100:12:101:Infinity:undefined:undefined:undefined:undefined":8,"s:100:12:101:Infinity":45,"s:101:14:101:Infinity":46,"b:103:12:105:Infinity:undefined:undefined:undefined:undefined":9,"s:103:12:105:Infinity":47,"s:104:14:104:Infinity":48,"s:105:14:105:Infinity":49}}}
,"/Users/jdalton/projects/socket-vscode/src/data/github.ts": {"path":"/Users/jdalton/projects/socket-vscode/src/data/github.ts","statementMap":{"0":{"start":{"line":7,"column":4},"end":{"line":7,"column":null}},"1":{"start":{"line":9,"column":4},"end":{"line":9,"column":null}},"2":{"start":{"line":10,"column":16},"end":{"line":10,"column":51}},"3":{"start":{"line":11,"column":2},"end":{"line":12,"column":null}},"4":{"start":{"line":12,"column":4},"end":{"line":12,"column":null}},"5":{"start":{"line":27,"column":2},"end":{"line":48,"column":null}},"6":{"start":{"line":28,"column":16},"end":{"line":33,"column":null}},"7":{"start":{"line":35,"column":25},"end":{"line":35,"column":null}},"8":{"start":{"line":37,"column":4},"end":{"line":40,"column":null}},"9":{"start":{"line":38,"column":6},"end":{"line":38,"column":null}},"10":{"start":{"line":40,"column":6},"end":{"line":40,"column":null}},"11":{"start":{"line":42,"column":4},"end":{"line":45,"column":null}},"12":{"start":{"line":43,"column":20},"end":{"line":43,"column":44}},"13":{"start":{"line":44,"column":6},"end":{"line":45,"column":null}},"14":{"start":{"line":45,"column":8},"end":{"line":45,"column":null}},"15":{"start":{"line":51,"column":2},"end":{"line":78,"column":null}},"16":{"start":{"line":52,"column":10},"end":{"line":59,"column":null}},"17":{"start":{"line":71,"column":16},"end":{"line":71,"column":null}},"18":{"start":{"line":72,"column":4},"end":{"line":75,"column":null}},"19":{"start":{"line":73,"column":20},"end":{"line":73,"column":44}},"20":{"start":{"line":74,"column":6},"end":{"line":75,"column":null}},"21":{"start":{"line":75,"column":8},"end":{"line":75,"column":null}},"22":{"start":{"line":81,"column":2},"end":{"line":102,"column":null}},"23":{"start":{"line":82,"column":22},"end":{"line":87,"column":null}},"24":{"start":{"line":89,"column":17},"end":{"line":89,"column":39}},"25":{"start":{"line":90,"column":4},"end":{"line":97,"column":null}},"26":{"start":{"line":90,"column":17},"end":{"line":90,"column":20}},"27":{"start":{"line":90,"column":33},"end":{"line":90,"column":39}},"28":{"start":{"line":91,"column":18},"end":{"line":91,"column":null}},"29":{"start":{"line":92,"column":6},"end":{"line":97,"column":null}},"30":{"start":{"line":93,"column":20},"end":{"line":93,"column":null}},"31":{"start":{"line":94,"column":8},"end":{"line":97,"column":null}},"32":{"start":{"line":95,"column":24},"end":{"line":95,"column":48}},"33":{"start":{"line":96,"column":10},"end":{"line":97,"column":null}},"34":{"start":{"line":97,"column":12},"end":{"line":97,"column":null}}},"fnMap":{"0":{"name":"orgOrUserFromString","decl":{"start":{"line":5,"column":16},"end":{"line":5,"column":36}},"loc":{"start":{"line":5,"column":69},"end":{"line":12,"column":null}},"line":5},"1":{"name":"sniffForGithubOrgOrUser","decl":{"start":{"line":23,"column":22},"end":{"line":23,"column":null}},"loc":{"start":{"line":25,"column":31},"end":{"line":102,"column":null}},"line":25}},"branchMap":{"0":{"loc":{"start":{"line":10,"column":16},"end":{"line":10,"column":51}},"type":"binary-expr","locations":[{"start":{"line":10,"column":16},"end":{"line":10,"column":32}},{"start":{"line":10,"column":36},"end":{"line":10,"column":51}}],"line":10},"1":{"loc":{"start":{"line":11,"column":2},"end":{"line":12,"column":null}},"type":"if","locations":[{"start":{"line":11,"column":2},"end":{"line":12,"column":null}},{"start":{},"end":{}}],"line":11},"2":{"loc":{"start":{"line":12,"column":11},"end":{"line":12,"column":null}},"type":"binary-expr","locations":[{"start":{"line":12,"column":11},"end":{"line":12,"column":39}},{"start":{"line":12,"column":39},"end":{"line":12,"column":null}}],"line":12},"3":{"loc":{"start":{"line":37,"column":4},"end":{"line":40,"column":null}},"type":"if","locations":[{"start":{"line":37,"column":4},"end":{"line":40,"column":null}},{"start":{"line":39,"column":11},"end":{"line":40,"column":null}}],"line":37},"4":{"loc":{"start":{"line":42,"column":4},"end":{"line":45,"column":null}},"type":"if","locations":[{"start":{"line":42,"column":4},"end":{"line":45,"column":null}},{"start":{},"end":{}}],"line":42},"5":{"loc":{"start":{"line":44,"column":6},"end":{"line":45,"column":null}},"type":"if","locations":[{"start":{"line":44,"column":6},"end":{"line":45,"column":null}},{"start":{},"end":{}}],"line":44},"6":{"loc":{"start":{"line":72,"column":4},"end":{"line":75,"column":null}},"type":"if","locations":[{"start":{"line":72,"column":4},"end":{"line":75,"column":null}},{"start":{},"end":{}}],"line":72},"7":{"loc":{"start":{"line":74,"column":6},"end":{"line":75,"column":null}},"type":"if","locations":[{"start":{"line":74,"column":6},"end":{"line":75,"column":null}},{"start":{},"end":{}}],"line":74},"8":{"loc":{"start":{"line":92,"column":6},"end":{"line":97,"column":null}},"type":"if","locations":[{"start":{"line":92,"column":6},"end":{"line":97,"column":null}},{"start":{},"end":{}}],"line":92},"9":{"loc":{"start":{"line":94,"column":8},"end":{"line":97,"column":null}},"type":"if","locations":[{"start":{"line":94,"column":8},"end":{"line":97,"column":null}},{"start":{},"end":{}}],"line":94},"10":{"loc":{"start":{"line":96,"column":10},"end":{"line":97,"column":null}},"type":"if","locations":[{"start":{"line":96,"column":10},"end":{"line":97,"column":null}},{"start":{},"end":{}}],"line":96}},"s":{"0":0,"1":0,"2":0,"3":0,"4":0,"5":0,"6":0,"7":0,"8":0,"9":0,"10":0,"11":0,"12":0,"13":0,"14":0,"15":0,"16":0,"17":0,"18":0,"19":0,"20":0,"21":0,"22":0,"23":0,"24":0,"25":0,"26":0,"27":0,"28":0,"29":0,"30":0,"31":0,"32":0,"33":0,"34":0},"f":{"0":0,"1":0},"b":{"0":[0,0],"1":[0,0],"2":[0,0],"3":[0,0],"4":[0,0],"5":[0,0],"6":[0,0],"7":[0,0],"8":[0,0],"9":[0,0],"10":[0,0]},"meta":{"lastBranch":11,"lastFunction":2,"lastStatement":35,"seen":{"f:5:16:5:36":0,"s:7:4:7:Infinity":0,"s:9:4:9:Infinity":1,"s:10:16:10:51":2,"b:10:16:10:32:10:36:10:51":0,"b:11:2:12:Infinity:undefined:undefined:undefined:undefined":1,"s:11:2:12:Infinity":3,"s:12:4:12:Infinity":4,"b:12:11:12:39:12:39:12:Infinity":2,"f:23:22:23:Infinity":1,"s:27:2:48:Infinity":5,"s:28:16:33:Infinity":6,"s:35:25:35:Infinity":7,"b:37:4:40:Infinity:39:11:40:Infinity":3,"s:37:4:40:Infinity":8,"s:38:6:38:Infinity":9,"s:40:6:40:Infinity":10,"b:42:4:45:Infinity:undefined:undefined:undefined:undefined":4,"s:42:4:45:Infinity":11,"s:43:20:43:44":12,"b:44:6:45:Infinity:undefined:undefined:undefined:undefined":5,"s:44:6:45:Infinity":13,"s:45:8:45:Infinity":14,"s:51:2:78:Infinity":15,"s:52:10:59:Infinity":16,"s:71:16:71:Infinity":17,"b:72:4:75:Infinity:undefined:undefined:undefined:undefined":6,"s:72:4:75:Infinity":18,"s:73:20:73:44":19,"b:74:6:75:Infinity:undefined:undefined:undefined:undefined":7,"s:74:6:75:Infinity":20,"s:75:8:75:Infinity":21,"s:81:2:102:Infinity":22,"s:82:22:87:Infinity":23,"s:89:17:89:39":24,"s:90:4:97:Infinity":25,"s:90:17:90:20":26,"s:90:33:90:39":27,"s:91:18:91:Infinity":28,"b:92:6:97:Infinity:undefined:undefined:undefined:undefined":8,"s:92:6:97:Infinity":29,"s:93:20:93:Infinity":30,"b:94:8:97:Infinity:undefined:undefined:undefined:undefined":9,"s:94:8:97:Infinity":31,"s:95:24:95:48":32,"b:96:10:97:Infinity:undefined:undefined:undefined:undefined":10,"s:96:10:97:Infinity":33,"s:97:12:97:Infinity":34}}}
,"/Users/jdalton/projects/socket-vscode/src/data/glob-patterns.ts": {"path":"/Users/jdalton/projects/socket-vscode/src/data/glob-patterns.ts","statementMap":{"0":{"start":{"line":12,"column":12},"end":{"line":12,"column":null}},"1":{"start":{"line":13,"column":20},"end":{"line":13,"column":null}},"2":{"start":{"line":14,"column":18},"end":{"line":14,"column":null}},"3":{"start":{"line":15,"column":2},"end":{"line":20,"column":null}},"4":{"start":{"line":16,"column":40},"end":{"line":16,"column":null}},"5":{"start":{"line":19,"column":4},"end":{"line":19,"column":null}},"6":{"start":{"line":20,"column":4},"end":{"line":20,"column":null}},"7":{"start":{"line":22,"column":2},"end":{"line":22,"column":null}},"8":{"start":{"line":23,"column":2},"end":{"line":23,"column":null}},"9":{"start":{"line":27,"column":2},"end":{"line":120,"column":null}},"10":{"start":{"line":28,"column":16},"end":{"line":28,"column":71}},"11":{"start":{"line":29,"column":4},"end":{"line":29,"column":null}},"12":{"start":{"line":30,"column":4},"end":{"line":120,"column":null}},"13":{"start":{"line":32,"column":23},"end":{"line":32,"column":50}},"14":{"start":{"line":33,"column":8},"end":{"line":34,"column":null}},"15":{"start":{"line":34,"column":10},"end":{"line":34,"column":null}},"16":{"start":{"line":36,"column":8},"end":{"line":46,"column":null}},"17":{"start":{"line":37,"column":25},"end":{"line":37,"column":null}},"18":{"start":{"line":38,"column":10},"end":{"line":39,"column":null}},"19":{"start":{"line":39,"column":12},"end":{"line":39,"column":null}},"20":{"start":{"line":41,"column":10},"end":{"line":46,"column":null}},"21":{"start":{"line":42,"column":27},"end":{"line":42,"column":null}},"22":{"start":{"line":43,"column":12},"end":{"line":44,"column":null}},"23":{"start":{"line":44,"column":14},"end":{"line":44,"column":null}},"24":{"start":{"line":46,"column":12},"end":{"line":46,"column":null}},"25":{"start":{"line":49,"column":8},"end":{"line":49,"column":null}},"26":{"start":{"line":53,"column":8},"end":{"line":53,"column":null}},"27":{"start":{"line":55,"column":8},"end":{"line":119,"column":null}},"28":{"start":{"line":122,"column":2},"end":{"line":122,"column":null}},"29":{"start":{"line":126,"column":2},"end":{"line":129,"column":null}},"30":{"start":{"line":128,"column":9},"end":{"line":128,"column":null}}},"fnMap":{"0":{"name":"caseDesensitize","decl":{"start":{"line":11,"column":16},"end":{"line":11,"column":32}},"loc":{"start":{"line":11,"column":49},"end":{"line":23,"column":null}},"line":11},"1":{"name":"getGlobPatterns","decl":{"start":{"line":26,"column":22},"end":{"line":26,"column":40}},"loc":{"start":{"line":26,"column":40},"end":{"line":122,"column":null}},"line":26},"2":{"name":"(anonymous_2)","decl":{"start":{"line":31,"column":12},"end":{"line":31,"column":19}},"loc":{"start":{"line":31,"column":29},"end":{"line":50,"column":null}},"line":31},"3":{"name":"(anonymous_3)","decl":{"start":{"line":51,"column":7},"end":{"line":51,"column":13}},"loc":{"start":{"line":51,"column":21},"end":{"line":120,"column":null}},"line":51},"4":{"name":"replaceCasedChars","decl":{"start":{"line":125,"column":16},"end":{"line":125,"column":34}},"loc":{"start":{"line":125,"column":57},"end":{"line":129,"column":null}},"line":125},"5":{"name":"(anonymous_5)","decl":{"start":{"line":127,"column":4},"end":{"line":127,"column":null}},"loc":{"start":{"line":128,"column":9},"end":{"line":128,"column":null}},"line":128}},"branchMap":{"0":{"loc":{"start":{"line":27,"column":2},"end":{"line":120,"column":null}},"type":"if","locations":[{"start":{"line":27,"column":2},"end":{"line":120,"column":null}},{"start":{},"end":{}}],"line":27},"1":{"loc":{"start":{"line":33,"column":8},"end":{"line":34,"column":null}},"type":"if","locations":[{"start":{"line":33,"column":8},"end":{"line":34,"column":null}},{"start":{},"end":{}}],"line":33},"2":{"loc":{"start":{"line":38,"column":10},"end":{"line":39,"column":null}},"type":"if","locations":[{"start":{"line":38,"column":10},"end":{"line":39,"column":null}},{"start":{},"end":{}}],"line":38},"3":{"loc":{"start":{"line":43,"column":12},"end":{"line":44,"column":null}},"type":"if","locations":[{"start":{"line":43,"column":12},"end":{"line":44,"column":null}},{"start":{},"end":{}}],"line":43}},"s":{"0":400,"1":400,"2":400,"3":400,"4":400,"5":100,"6":100,"7":400,"8":400,"9":0,"10":0,"11":0,"12":0,"13":0,"14":0,"15":0,"16":0,"17":0,"18":0,"19":0,"20":0,"21":0,"22":0,"23":0,"24":0,"25":0,"26":0,"27":0,"28":0,"29":1100,"30":2572},"f":{"0":400,"1":0,"2":0,"3":0,"4":1100,"5":2572},"b":{"0":[0,0],"1":[0,0],"2":[0,0],"3":[0,0]},"meta":{"lastBranch":4,"lastFunction":6,"lastStatement":31,"seen":{"f:11:16:11:32":0,"s:12:12:12:Infinity":0,"s:13:20:13:Infinity":1,"s:14:18:14:Infinity":2,"s:15:2:20:Infinity":3,"s:16:40:16:Infinity":4,"s:19:4:19:Infinity":5,"s:20:4:20:Infinity":6,"s:22:2:22:Infinity":7,"s:23:2:23:Infinity":8,"f:26:22:26:40":1,"b:27:2:120:Infinity:undefined:undefined:undefined:undefined":0,"s:27:2:120:Infinity":9,"s:28:16:28:71":10,"s:29:4:29:Infinity":11,"s:30:4:120:Infinity":12,"f:31:12:31:19":2,"s:32:23:32:50":13,"b:33:8:34:Infinity:undefined:undefined:undefined:undefined":1,"s:33:8:34:Infinity":14,"s:34:10:34:Infinity":15,"s:36:8:46:Infinity":16,"s:37:25:37:Infinity":17,"b:38:10:39:Infinity:undefined:undefined:undefined:undefined":2,"s:38:10:39:Infinity":18,"s:39:12:39:Infinity":19,"s:41:10:46:Infinity":20,"s:42:27:42:Infinity":21,"b:43:12:44:Infinity:undefined:undefined:undefined:undefined":3,"s:43:12:44:Infinity":22,"s:44:14:44:Infinity":23,"s:46:12:46:Infinity":24,"s:49:8:49:Infinity":25,"f:51:7:51:13":3,"s:53:8:53:Infinity":26,"s:55:8:119:Infinity":27,"s:122:2:122:Infinity":28,"f:125:16:125:34":4,"s:126:2:129:Infinity":29,"f:127:4:127:Infinity":5,"s:128:9:128:Infinity":30}}}
,"/Users/jdalton/projects/socket-vscode/src/data/go/builtins.ts": {"path":"/Users/jdalton/projects/socket-vscode/src/data/go/builtins.ts","statementMap":{"0":{"start":{"line":1,"column":19},"end":{"line":73,"column":null}},"1":{"start":{"line":76,"column":2},"end":{"line":78,"column":null}},"2":{"start":{"line":77,"column":15},"end":{"line":77,"column":63}}},"fnMap":{"0":{"name":"isGoBuiltin","decl":{"start":{"line":75,"column":16},"end":{"line":75,"column":28}},"loc":{"start":{"line":75,"column":41},"end":{"line":78,"column":null}},"line":75},"1":{"name":"(anonymous_1)","decl":{"start":{"line":76,"column":20},"end":{"line":76,"column":null}},"loc":{"start":{"line":77,"column":15},"end":{"line":77,"column":63}},"line":77}},"branchMap":{"0":{"loc":{"start":{"line":77,"column":15},"end":{"line":77,"column":63}},"type":"binary-expr","locations":[{"start":{"line":77,"column":15},"end":{"line":77,"column":34}},{"start":{"line":77,"column":34},"end":{"line":77,"column":63}}],"line":77}},"s":{"0":0,"1":0,"2":0},"f":{"0":0,"1":0},"b":{"0":[0,0]},"meta":{"lastBranch":1,"lastFunction":2,"lastStatement":3,"seen":{"s:1:19:73:Infinity":0,"f:75:16:75:28":0,"s:76:2:78:Infinity":1,"f:76:20:76:Infinity":1,"s:77:15:77:63":2,"b:77:15:77:34:77:34:77:63":0}}}
,"/Users/jdalton/projects/socket-vscode/src/data/go/executable.ts": {"path":"/Users/jdalton/projects/socket-vscode/src/data/go/executable.ts","statementMap":{"0":{"start":{"line":4,"column":15},"end":{"line":4,"column":32}},"1":{"start":{"line":10,"column":2},"end":{"line":11,"column":null}},"2":{"start":{"line":10,"column":52},"end":{"line":10,"column":76}},"3":{"start":{"line":11,"column":4},"end":{"line":11,"column":null}},"4":{"start":{"line":13,"column":25},"end":{"line":13,"column":null}},"5":{"start":{"line":14,"column":24},"end":{"line":14,"column":null}},"6":{"start":{"line":15,"column":26},"end":{"line":15,"column":77}},"7":{"start":{"line":16,"column":23},"end":{"line":16,"column":66}},"8":{"start":{"line":17,"column":2},"end":{"line":31,"column":null}},"9":{"start":{"line":18,"column":4},"end":{"line":27,"column":null}},"10":{"start":{"line":20,"column":17},"end":{"line":20,"column":78}},"11":{"start":{"line":21,"column":6},"end":{"line":25,"column":null}},"12":{"start":{"line":22,"column":8},"end":{"line":22,"column":null}},"13":{"start":{"line":23,"column":8},"end":{"line":23,"column":null}},"14":{"start":{"line":25,"column":8},"end":{"line":25,"column":null}},"15":{"start":{"line":28,"column":4},"end":{"line":31,"column":null}},"16":{"start":{"line":29,"column":6},"end":{"line":31,"column":null}},"17":{"start":{"line":34,"column":2},"end":{"line":42,"column":null}},"18":{"start":{"line":35,"column":16},"end":{"line":35,"column":38}},"19":{"start":{"line":36,"column":16},"end":{"line":38,"column":null}},"20":{"start":{"line":40,"column":4},"end":{"line":42,"column":null}},"21":{"start":{"line":41,"column":6},"end":{"line":41,"column":null}},"22":{"start":{"line":42,"column":6},"end":{"line":42,"column":null}},"23":{"start":{"line":45,"column":2},"end":{"line":45,"column":null}},"24":{"start":{"line":49,"column":13},"end":{"line":49,"column":56}},"25":{"start":{"line":50,"column":2},"end":{"line":51,"column":null}},"26":{"start":{"line":51,"column":4},"end":{"line":51,"column":null}},"27":{"start":{"line":53,"column":2},"end":{"line":53,"column":null}},"28":{"start":{"line":58,"column":2},"end":{"line":58,"column":null}},"29":{"start":{"line":62,"column":26},"end":{"line":62,"column":77}},"30":{"start":{"line":64,"column":4},"end":{"line":66,"column":null}},"31":{"start":{"line":67,"column":2},"end":{"line":71,"column":null}},"32":{"start":{"line":68,"column":4},"end":{"line":69,"column":null}},"33":{"start":{"line":69,"column":6},"end":{"line":69,"column":null}},"34":{"start":{"line":71,"column":4},"end":{"line":71,"column":null}},"35":{"start":{"line":73,"column":20},"end":{"line":73,"column":null}},"36":{"start":{"line":74,"column":19},"end":{"line":74,"column":null}},"37":{"start":{"line":75,"column":18},"end":{"line":75,"column":null}},"38":{"start":{"line":76,"column":2},"end":{"line":95,"column":null}},"39":{"start":{"line":83,"column":6},"end":{"line":93,"column":null}},"40":{"start":{"line":84,"column":8},"end":{"line":84,"column":null}},"41":{"start":{"line":85,"column":17},"end":{"line":93,"column":null}},"42":{"start":{"line":86,"column":8},"end":{"line":86,"column":null}},"43":{"start":{"line":87,"column":17},"end":{"line":93,"column":null}},"44":{"start":{"line":88,"column":8},"end":{"line":92,"column":null}},"45":{"start":{"line":93,"column":8},"end":{"line":93,"column":null}}},"fnMap":{"0":{"name":"getGoExecutable","decl":{"start":{"line":6,"column":22},"end":{"line":6,"column":null}},"loc":{"start":{"line":8,"column":40},"end":{"line":45,"column":null}},"line":8},"1":{"name":"(anonymous_1)","decl":{"start":{"line":10,"column":41},"end":{"line":10,"column":47}},"loc":{"start":{"line":10,"column":52},"end":{"line":10,"column":76}},"line":10},"2":{"name":"getGoExtension","decl":{"start":{"line":48,"column":22},"end":{"line":48,"column":39}},"loc":{"start":{"line":48,"column":39},"end":{"line":53,"column":null}},"line":48},"3":{"name":"initGo","decl":{"start":{"line":56,"column":22},"end":{"line":56,"column":59}},"loc":{"start":{"line":56,"column":59},"end":{"line":58,"column":null}},"line":56},"4":{"name":"(anonymous_4)","decl":{"start":{"line":58,"column":20},"end":{"line":58,"column":37}},"loc":{"start":{"line":58,"column":37},"end":{"line":58,"column":40}},"line":58},"5":{"name":"warnToInstallMoreReliableGo","decl":{"start":{"line":61,"column":16},"end":{"line":61,"column":44}},"loc":{"start":{"line":61,"column":76},"end":{"line":95,"column":null}},"line":61},"6":{"name":"(anonymous_6)","decl":{"start":{"line":82,"column":10},"end":{"line":82,"column":16}},"loc":{"start":{"line":82,"column":23},"end":{"line":95,"column":null}},"line":82}},"branchMap":{"0":{"loc":{"start":{"line":10,"column":2},"end":{"line":11,"column":null}},"type":"if","locations":[{"start":{"line":10,"column":2},"end":{"line":11,"column":null}},{"start":{},"end":{}}],"line":10},"1":{"loc":{"start":{"line":17,"column":2},"end":{"line":31,"column":null}},"type":"if","locations":[{"start":{"line":17,"column":2},"end":{"line":31,"column":null}},{"start":{},"end":{}}],"line":17},"2":{"loc":{"start":{"line":21,"column":6},"end":{"line":25,"column":null}},"type":"if","locations":[{"start":{"line":21,"column":6},"end":{"line":25,"column":null}},{"start":{"line":24,"column":13},"end":{"line":25,"column":null}}],"line":21},"3":{"loc":{"start":{"line":28,"column":4},"end":{"line":31,"column":null}},"type":"if","locations":[{"start":{"line":28,"column":4},"end":{"line":31,"column":null}},{"start":{},"end":{}}],"line":28},"4":{"loc":{"start":{"line":34,"column":2},"end":{"line":42,"column":null}},"type":"if","locations":[{"start":{"line":34,"column":2},"end":{"line":42,"column":null}},{"start":{},"end":{}}],"line":34},"5":{"loc":{"start":{"line":38,"column":6},"end":{"line":38,"column":43}},"type":"binary-expr","locations":[{"start":{"line":38,"column":6},"end":{"line":38,"column":18}},{"start":{"line":38,"column":18},"end":{"line":38,"column":43}}],"line":38},"6":{"loc":{"start":{"line":40,"column":4},"end":{"line":42,"column":null}},"type":"if","locations":[{"start":{"line":40,"column":4},"end":{"line":42,"column":null}},{"start":{},"end":{}}],"line":40},"7":{"loc":{"start":{"line":50,"column":2},"end":{"line":51,"column":null}},"type":"if","locations":[{"start":{"line":50,"column":2},"end":{"line":51,"column":null}},{"start":{},"end":{}}],"line":50},"8":{"loc":{"start":{"line":50,"column":6},"end":{"line":50,"column":26}},"type":"binary-expr","locations":[{"start":{"line":50,"column":6},"end":{"line":50,"column":12}},{"start":{"line":50,"column":12},"end":{"line":50,"column":26}}],"line":50},"9":{"loc":{"start":{"line":64,"column":4},"end":{"line":66,"column":null}},"type":"binary-expr","locations":[{"start":{"line":64,"column":4},"end":{"line":64,"column":null}},{"start":{"line":65,"column":4},"end":{"line":65,"column":71}},{"start":{"line":66,"column":4},"end":{"line":66,"column":null}}],"line":64},"10":{"loc":{"start":{"line":67,"column":2},"end":{"line":71,"column":null}},"type":"if","locations":[{"start":{"line":67,"column":2},"end":{"line":71,"column":null}},{"start":{},"end":{}}],"line":67},"11":{"loc":{"start":{"line":68,"column":4},"end":{"line":69,"column":null}},"type":"if","locations":[{"start":{"line":68,"column":4},"end":{"line":69,"column":null}},{"start":{},"end":{}}],"line":68},"12":{"loc":{"start":{"line":78,"column":57},"end
[...]
nfinity":107,"s:213:21:213:56":108,"s:215:8:215:Infinity":109,"s:217:23:217:46":110,"b:218:8:219:Infinity:undefined:undefined:undefined:undefined":35,"s:218:8:219:Infinity":111,"s:219:10:219:Infinity":112,"s:221:21:221:44":113,"s:222:8:224:Infinity":114,"s:222:21:222:24":115,"s:222:37:222:43":116,"s:223:22:223:Infinity":117,"s:224:10:224:Infinity":118,"s:228:10:228:Infinity":119,"s:229:37:229:Infinity":120,"s:231:10:231:Infinity":121,"s:232:22:232:Infinity":122,"s:233:26:235:52":123,"f:235:11:235:15":11,"s:235:24:235:52":124,"s:236:44:236:Infinity":125,"s:237:8:261:Infinity":126,"s:237:22:237:26":127,"s:238:10:239:Infinity":128,"b:238:18:238:35:238:35:238:48":36,"s:239:12:239:Infinity":129,"s:241:23:241:Infinity":130,"b:242:10:243:Infinity:undefined:undefined:undefined:undefined":37,"s:242:10:243:Infinity":131,"s:243:12:243:Infinity":132,"s:245:23:245:Infinity":133,"s:247:12:249:Infinity":134,"b:248:13:248:20:248:20:248:41:248:41:248:Infinity":38,"b:249:13:249:25:249:25:249:29":39,"s:250:25:250:Infinity":135,"s:252:24:252:70":136,"s:253:25:253:Infinity":137,"b:254:10:257:Infinity:undefined:undefined:undefined:undefined":40,"s:254:10:257:Infinity":138,"b:254:14:254:34:254:34:254:52":41,"s:255:12:257:Infinity":139,"s:256:14:256:Infinity":140,"s:261:10:261:Infinity":141,"s:263:8:298:Infinity":142,"s:263:22:263:26":143,"s:264:10:264:Infinity":144,"s:265:10:296:Infinity":145,"s:266:50:266:Infinity":146,"s:269:25:269:Infinity":147,"b:270:12:271:Infinity:undefined:undefined:undefined:undefined":42,"s:270:12:271:Infinity":148,"s:271:14:271:Infinity":149,"s:274:14:276:Infinity":150,"b:275:15:275:29:275:29:275:33":43,"b:276:15:276:29:276:29:276:33":44,"s:277:12:278:Infinity":151,"b:277:20:277:37:277:37:277:50":45,"s:278:14:278:Infinity":152,"s:280:29:280:Infinity":153,"b:280:38:280:45:280:45:280:66:280:66:280:Infinity":46,"s:281:25:281:Infinity":154,"s:282:27:282:Infinity":155,"s:283:26:283:72":156,"s:284:27:284:Infinity":157,"b:286:12:289:Infinity:undefined:undefined:undefined:undefined":47,"s:286:12:289:Infinity":158,"b:286:16:286:38:286:38:286:58":48,"s:287:14:289:Infinity":159,"s:288:16:288:Infinity":160,"s:294:12:294:Infinity":161,"s:295:12:296:Infinity":162,"s:298:10:298:Infinity":163,"s:303:4:303:Infinity":164,"s:305:2:305:Infinity":165,"f:307:16:307:Infinity":12,"s:313:18:313:Infinity":166,"s:314:2:345:Infinity":167,"s:314:15:314:18":168,"s:314:31:314:40":169,"s:315:18:315:Infinity":170,"b:317:4:322:Infinity:321:11:322:Infinity":49,"s:317:4:322:Infinity":171,"b:318:6:319:Infinity:undefined:undefined:undefined:undefined":50,"s:318:6:319:Infinity":172,"s:319:8:319:Infinity":173,"s:322:6:322:Infinity":174,"b:324:4:330:Infinity:undefined:undefined:undefined:undefined":51,"s:324:4:330:Infinity":175,"s:329:8:329:Infinity":176,"b:329:40:329:53:329:53:329:Infinity":52,"s:330:6:330:Infinity":177,"s:332:22:332:Infinity":178,"b:333:4:345:Infinity:340:15:345:Infinity":53,"s:333:4:345:Infinity":179,"s:334:6:339:Infinity":180,"b:338:8:338:19:338:19:338:Infinity":54,"b:340:15:345:Infinity:undefined:undefined:undefined:undefined":55,"s:340:15:345:Infinity":181,"b:341:6:345:Infinity:undefined:undefined:undefined:undefined":56,"s:341:6:345:Infinity":182,"s:342:8:345:Infinity":183,"f:351:16:351:24":13,"b:352:2:353:Infinity:undefined:undefined:undefined:undefined":57,"s:352:2:353:Infinity":184,"s:353:4:353:Infinity":185,"s:355:2:355:Infinity":186,"f:358:16:358:28":14,"s:359:2:362:Infinity":187}}}
,"/Users/jdalton/projects/socket-vscode/src/ui/purl-alerts-and-scores/manager.ts": {"path":"/Users/jdalton/projects/socket-vscode/src/ui/purl-alerts-and-scores/manager.ts","statementMap":{"0":{"start":{"line":13,"column":17},"end":{"line":13,"column":64}},"1":{"start":{"line":16,"column":2},"end":{"line":16,"column":null}},"2":{"start":{"line":50,"column":54},"end":{"line":50,"column":63}},"3":{"start":{"line":51,"column":47},"end":{"line":51,"column":null}},"4":{"start":{"line":52,"column":18},"end":{"line":52,"column":null}},"5":{"start":{"line":53,"column":30},"end":{"line":53,"column":null}},"6":{"start":{"line":55,"column":4},"end":{"line":55,"column":null}},"7":{"start":{"line":56,"column":4},"end":{"line":57,"column":null}},"8":{"start":{"line":57,"column":6},"end":{"line":57,"column":null}},"9":{"start":{"line":65,"column":4},"end":{"line":65,"column":null}},"10":{"start":{"line":68,"column":21},"end":{"line":68,"column":36}},"11":{"start":{"line":69,"column":4},"end":{"line":74,"column":null}},"12":{"start":{"line":70,"column":6},"end":{"line":70,"column":null}},"13":{"start":{"line":71,"column":6},"end":{"line":71,"column":null}},"14":{"start":{"line":72,"column":6},"end":{"line":72,"column":null}},"15":{"start":{"line":74,"column":6},"end":{"line":74,"column":null}},"16":{"start":{"line":78,"column":21},"end":{"line":78,"column":36}},"17":{"start":{"line":79,"column":4},"end":{"line":85,"column":null}},"18":{"start":{"line":80,"column":12},"end":{"line":80,"column":50}},"19":{"start":{"line":81,"column":6},"end":{"line":81,"column":null}},"20":{"start":{"line":83,"column":6},"end":{"line":83,"column":null}},"21":{"start":{"line":85,"column":6},"end":{"line":85,"column":null}},"22":{"start":{"line":89,"column":4},"end":{"line":89,"column":null}},"23":{"start":{"line":92,"column":4},"end":{"line":92,"column":null}},"24":{"start":{"line":95,"column":4},"end":{"line":95,"column":null}},"25":{"start":{"line":98,"column":4},"end":{"line":98,"column":null}},"26":{"start":{"line":99,"column":4},"end":{"line":99,"column":null}},"27":{"start":{"line":100,"column":4},"end":{"line":100,"column":null}},"28":{"start":{"line":101,"column":4},"end":{"line":101,"column":null}},"29":{"start":{"line":105,"column":4},"end":{"line":106,"column":null}},"30":{"start":{"line":106,"column":6},"end":{"line":106,"column":null}},"31":{"start":{"line":111,"column":36},"end":{"line":111,"column":55}},"32":{"start":{"line":112,"column":20},"end":{"line":112,"column":null}},"33":{"start":{"line":113,"column":44},"end":{"line":113,"column":53}},"34":{"start":{"line":115,"column":37},"end":{"line":115,"column":46}},"35":{"start":{"line":117,"column":41},"end":{"line":117,"column":50}},"36":{"start":{"line":120,"column":25},"end":{"line":120,"column":48}},"37":{"start":{"line":121,"column":4},"end":{"line":124,"column":null}},"38":{"start":{"line":122,"column":25},"end":{"line":122,"column":50}},"39":{"start":{"line":123,"column":6},"end":{"line":123,"column":null}},"40":{"start":{"line":124,"column":6},"end":{"line":124,"column":null}},"41":{"start":{"line":126,"column":4},"end":{"line":127,"column":null}},"42":{"start":{"line":127,"column":6},"end":{"line":127,"column":null}},"43":{"start":{"line":129,"column":4},"end":{"line":129,"column":null}},"44":{"start":{"line":133,"column":4},"end":{"line":134,"column":null}},"45":{"start":{"line":134,"column":6},"end":{"line":134,"column":null}},"46":{"start":{"line":136,"column":40},"end":{"line":136,"column":null}},"47":{"start":{"line":137,"column":4},"end":{"line":137,"column":null}},"48":{"start":{"line":139,"column":4},"end":{"line":140,"column":null}},"49":{"start":{"line":140,"column":6},"end":{"line":140,"column":null}},"50":{"start":{"line":143,"column":23},"end":{"line":143,"column":44}},"51":{"start":{"line":144,"column":18},"end":{"line":144,"column":51}},"52":{"start":{"line":145,"column":18},"end":{"line":145,"column":49}},"53":{"start":{"line":146,"column":5},"end":{"line":241,"column":null}},"54":{"start":{"line":147,"column":34},"end":{"line":147,"column":78}},"55":{"start":{"line":148,"column":6},"end":{"line":148,"column":null}},"56":{"start":{"line":150,"column":6},"end":{"line":151,"column":null}},"57":{"start":{"line":151,"column":8},"end":{"line":151,"column":null}},"58":{"start":{"line":153,"column":12},"end":{"line":166,"column":null}},"59":{"start":{"line":155,"column":8},"end":{"line":166,"column":null}},"60":{"start":{"line":156,"column":10},"end":{"line":159,"column":null}},"61":{"start":{"line":160,"column":10},"end":{"line":160,"column":null}},"62":{"start":{"line":161,"column":10},"end":{"line":166,"column":null}},"63":{"start":{"line":169,"column":6},"end":{"line":174,"column":null}},"64":{"start":{"line":170,"column":8},"end":{"line":170,"column":null}},"65":{"start":{"line":171,"column":8},"end":{"line":173,"column":null}},"66":{"start":{"line":175,"column":6},"end":{"line":239,"column":null}},"67":{"start":{"line":176,"column":23},"end":{"line":176,"column":40}},"68":{"start":{"line":177,"column":8},"end":{"line":179,"column":null}},"69":{"start":{"line":178,"column":10},"end":{"line":178,"column":null}},"70":{"start":{"line":179,"column":10},"end":{"line":179,"column":null}},"71":{"start":{"line":181,"column":20},"end":{"line":190,"column":null}},"72":{"start":{"line":194,"column":10},"end":{"line":196,"column":null}},"73":{"start":{"line":195,"column":12},"end":{"line":195,"column":null}},"74":{"start":{"line":198,"column":8},"end":{"line":198,"column":null}},"75":{"start":{"line":199,"column":21},"end":{"line":203,"column":10}},"76":{"start":{"line":200,"column":59},"end":{"line":201,"column":null}},"77":{"start":{"line":204,"column":8},"end":{"line":204,"column":null}},"78":{"start":{"line":205,"column":23},"end":{"line":205,"column":50}},"79":{"start":{"line":209,"column":10},"end":{"line":211,"column":null}},"80":{"start":{"line":210,"column":12},"end":{"line":210,"column":null}},"81":{"start":{"line":213,"column":8},"end":{"line":213,"column":null}},"82":{"start":{"line":214,"column":8},"end":{"line":218,"column":null}},"83":{"start":{"line":220,"column":8},"end":{"line":223,"column":null}},"84":{"start":{"line":221,"column":10},"end":{"line":223,"column":null}},"85":{"start":{"line":225,"column":14},"end":{"line":230,"column":10}},"86":{"start":{"line":231,"column":8},"end":{"line":235,"column":null}},"87":{"start":{"line":232,"column":33},"end":{"line":232,"column":49}},"88":{"start":{"line":233,"column":28},"end":{"line":233,"column":null}},"89":{"start":{"line":234,"column":10},"end":{"line":234,"column":null}},"90":{"start":{"line":235,"column":10},"end":{"line":235,"column":null}},"91":{"start":{"line":237,"column":8},"end":{"line":237,"column":null}},"92":{"start":{"line":239,"column":8},"end":{"line":239,"column":null}}},"fnMap":{"0":{"name":"clearCache","decl":{"start":{"line":15,"column":16},"end":{"line":15,"column":29}},"loc":{"start":{"line":15,"column":29},"end":{"line":16,"column":null}},"line":15},"1":{"name":"(anonymous_1)","decl":{"start":{"line":54,"column":2},"end":{"line":54,"column":11}},"loc":{"start":{"line":54,"column":27},"end":{"line":57,"column":null}},"line":54},"2":{"name":"(anonymous_2)","decl":{"start":{"line":64,"column":2},"end":{"line":64,"column":13}},"loc":{"start":{"line":64,"column":13},"end":{"line":65,"column":null}},"line":64},"3":{"name":"(anonymous_3)","decl":{"start":{"line":67,"column":2},"end":{"line":67,"column":23}},"loc":{"start":{"line":67,"column":23},"end":{"line":74,"column":null}},"line":67},"4":{"name":"(anonymous_4)","decl":{"start":{"line":77,"column":2},"end":{"line":77,"column":24}},"loc":{"start":{"line":77,"column":24},"end":{"line":85,"column":null}},"line":77},"5":{"name":"(anonymous_5)","decl":{"start":{"line":88,"column":2},"end":{"line":88,"column":12}},"loc":{"start":{"line":88,"column":12},"end":{"line":89,"column":null}},"line":88},"6":{"name":"(anonymous_6)","decl":{"start":{"line":91,"column":2},"end":{"line":91,"column":12}},"loc":{"start":{"line":91,"column":52},"end":{"line":92,"column":null}},"line":91},"7":{"name":"(anonymous_7)","decl":{"start":{"line":94,"column":2},"end":{"line":94,"column":14}},"loc":{"start":{"line":94,"column":54},"end":{"line":95,"column":null}},"line":94},"8":{"name":"(anonymous_8)","decl":{"start":{"line":97,"column":2},"end":{"line":97,"column":9}},"loc":{"start":{"line":97,"column":38},"end":{"line":101,"column":null}},"line":97},"9":{"name":"(anonymous_9)","decl":{"start":{"line":103,"column":2},"end":{"line":103,"column":20}},"loc":{"start":{"line":103,"column":20},"end":{"line":106,"column":null}},"line":103},"10":{"name":"(anonymous_10)","decl":{"start":{"line":119,"column":2},"end":{"line":119,"column":8}},"loc":{"start":{"line":119,"column":40},"end":{"line":129,"column":null}},"line":119},"11":{"name":"(anonymous_11)","decl":{"start":{"line":131,"column":2},"end":{"line":131,"column":14}},"loc":{"start":{"line":131,"column":29},"end":{"line":241,"column":null}},"line":131},"12":{"name":"(anonymous_12)","decl":{"start":{"line":146,"column":6},"end":{"line":146,"column":18}},"loc":{"start":{"line":146,"column":18},"end":{"line":241,"column":null}},"line":146},"13":{"name":"(anonymous_13)","decl":{"start":{"line":153,"column":12},"end":{"line":153,"column":39}},"loc":{"start":{"line":153,"column":58},"end":{"line":166,"column":null}},"line":153},"14":{"name":"(anonymous_14)","decl":{"start":{"line":169,"column":41},"end":{"line":169,"column":56}},"loc":{"start":{"line":169,"column":56},"end":{"line":174,"column":null}},"line":169},"15":{"name":"cleanupReq","decl":{"start":{"line":193,"column":17},"end":{"line":193,"column":30}},"loc":{"start":{"line":193,"column":30},"end":{"line":196,"column":null}},"line":193},"16":{"name":"(anonymous_16)","decl":{"start":{"line":200,"column":47},"end":{"line":200,"column":51}},"loc":{"start":{"line":200,"column":59},"end":{"line":201,"column":null}},"line":200},"17":{"name":"cleanupRes","decl":{"start":{"line":208,"column":17},"end":{"line":208,"column":30}},"loc":{"start":{"line":208,"column":30},"end":{"line":211,"column":null}},"line":208}},"branchMap":{"0":{"loc":{"start":{"line":56,"column":4},"end":{"line":57,"column":null}},"type":"if","locations":[{"start":{"line":56,"column":4},"end":{"line":57,"column":null}},{"start":{},"end":{}}],"line":56},"1":{"loc":{"start":{"line":121,"column":4},"end":{"line":124,"column":null}},"type":"if","locations":[{"start":{"line":121,"column":4},"end":{"line":124,"column":null}},{"start":{},"end":{}}],"line":121},"2":{"loc":{"start":{"line":126,"column":4},"end":{"line":127,"column":null}},"type":"if","locations":[{"start":{"line":126,"column":4},"end":{"line":127,"column":null}},{"start":{},"end":{}}],"line":126},"3":{"loc":{"start":{"line":133,"column":4},"end":{"line":134,"column":null}},"type":"if","locations":[{"start":{"line":133,"column":4},"end":{"line":134,"column":null}},{"start":{},"end":{}}],"line":133},"4":{"loc":{"start":{"line":139,"column":4},"end":{"line":140,"column":null}},"type":"if","locations":[{"start":{"line":139,"column":4},"end":{"line":140,"column":null}},{"start":{},"end":{}}],"line":139},"5":{"loc":{"start":{"line":165,"column":17},"end":{"line":165,"column":null}},"type":"cond-expr","locations":[{"start":{"line":165,"column":26},"end":{"line":165,"column":50}},{"start":{"line":165,"column":50},"end":{"line":165,"column":null}}],"line":165},"6":{"loc":{"start":{"line":172,"column":10},"end":{"line":172,"column":58}},"type":"binary-expr","locations":[{"start":{"line":172,"column":10},"end":{"line":172,"column":38}},{"start":{"line":172,"column":38},"end":{"line":172,"column":58}}],"line":172},"7":{"loc":{"start":{"line":177,"column":8},"end":{"line":179,"column":null}},"type":"if","locations":[{"start":{"line":177,"column":8},"end":{"line":179,"column":null}},{"start":{},"end":{}}],"line":177},"8":{"loc":{"start":{"line":220,"column":8},"end":{"line":223,"column":null}},"type":"if","locations":[{"start":{"line":220,"column":8},"end":{"line":223,"column":null}},{"start":{},"end":{}}],"line":220},"9":{"loc":{"start":{"line":220,"column":12},"end":{"line":220,"column":78}},"type":"binary-expr","locations":[{"start":{"line":220,"column":12},"end":{"line":220,"column":31}},{"start":{"line":220,"column":31},"end":{"line":220,"column":55}},{"start":{"line":220,"column":55},"end":{"line":220,"column":78}}],"line":220}},"s":{"0":0,"1":0,"2":0,"3":0,"4":0,"5":0,"6":0,"7":0,"8":0,"9":0,"10":0,"11":0,"12":0,"13":0,"14":0,"15":0,"16":0,"17":0,"18":0,"19":0,"20":0,"21":0,"22":0,"23":0,"24":0,"25":0,"26":0,"27":0,"28":0,"29":0,"30":0,"31":0,"32":0,"33":0,"34":0,"35":0,"36":0,"37":0,"38":0,"39":0,"40":0,"41":0,"42":0,"43":0,"44":0,"45":0,"46":0,"47":0,"48":0,"49":0,"50":0,"51":0,"52":0,"53":0,"54":0,"55":0,"56":0,"57":0,"58":0,"59":0,"60":0,"61":0,"62":0,"63":0,"64":0,"65":0,"66":0,"67":0,"68":0,"69":0,"70":0,"71":0,"72":0,"73":0,"74":0,"75":0,"76":0,"77":0,"78":0,"79":0,"80":0,"81":0,"82":0,"83":0,"84":0,"85":0,"86":0,"87":0,"88":0,"89":0,"90":0,"91":0,"92":0},"f":{"0":0,"1":0,"2":0,"3":0,"4":0,"5":0,"6":0,"7":0,"8":0,"9":0,"10":0,"11":0,"12":0,"13":0,"14":0,"15":0,"16":0,"17":0},"b":{"0":[0,0],"1":[0,0],"2":[0,0],"3":[0,0],"4":[0,0],"5":[0,0],"6":[0,0],"7":[0,0],"8":[0,0],"9":[0,0,0]},"meta":{"lastBranch":10,"lastFunction":18,"lastStatement":93,"seen":{"s:13:17:13:64":0,"f:15:16:15:29":0,"s:16:2:16:Infinity":1,"s:50:54:50:63":2,"s:51:47:51:Infinity":3,"s:52:18:52:Infinity":4,"s:53:30:53:Infinity":5,"f:54:2:54:11":1,"s:55:4:55:Infinity":6,"b:56:4:57:Infinity:undefined:undefined:undefined:undefined":0,"s:56:4:57:Infinity":7,"s:57:6:57:Infinity":8,"f:64:2:64:13":2,"s:65:4:65:Infinity":9,"f:67:2:67:23":3,"s:68:21:68:36":10,"s:69:4:74:Infinity":11,"s:70:6:70:Infinity":12,"s:71:6:71:Infinity":13,"s:72:6:72:Infinity":14,"s:74:6:74:Infinity":15,"f:77:2:77:24":4,"s:78:21:78:36":16,"s:79:4:85:Infinity":17,"s:80:12:80:50":18,"s:81:6:81:Infinity":19,"s:83:6:83:Infinity":20,"s:85:6:85:Infinity":21,"f:88:2:88:12":5,"s:89:4:89:Infinity":22,"f:91:2:91:12":6,"s:92:4:92:Infinity":23,"f:94:2:94:14":7,"s:95:4:95:Infinity":24,"f:97:2:97:9":8,"s:98:4:98:Infinity":25,"s:99:4:99:Infinity":26,"s:100:4:100:Infinity":27,"s:101:4:101:Infinity":28,"f:103:2:103:20":9,"s:105:4:106:Infinity":29,"s:106:6:106:Infinity":30,"s:111:36:111:55":31,"s:112:20:112:Infinity":32,"s:113:44:113:53":33,"s:115:37:115:46":34,"s:117:41:117:50":35,"f:119:2:119:8":10,"s:120:25:120:48":36,"b:121:4:124:Infinity:undefined:undefined:undefined:undefined":1,"s:121:4:124:Infinity":37,"s:122:25:122:50":38,"s:123:6:123:Infinity":39,"s:124:6:124:Infinity":40,"b:126:4:127:Infinity:undefined:undefined:undefined:undefined":2,"s:126:4:127:Infinity":41,"s:127:6:127:Infinity":42,"s:129:4:129:Infinity":43,"f:131:2:131:14":11,"b:133:4:134:Infinity:undefined:undefined:undefined:undefined":3,"s:133:4:134:Infinity":44,"s:134:6:134:Infinity":45,"s:136:40:136:Infinity":46,"s:137:4:137:Infinity":47,"b:139:4:140:Infinity:undefined:undefined:undefined:undefined":4,"s:139:4:140:Infinity":48,"s:140:6:140:Infinity":49,"s:143:23:143:44":50,"s:144:18:144:51":51,"s:145:18:145:49":52,"s:146:5:241:Infinity":53,"f:146:6:146:18":12,"s:147:34:147:78":54,"s:148:6:148:Infinity":55,"s:150:6:151:Infinity":56,"s:151:8:151:Infinity":57,"s:153:12:166:Infinity":58,"f:153:12:153:39":13,"s:155:8:166:Infinity":59,"s:156:10:159:Infinity":60,"s:160:10:160:Infinity":61,"s:161:10:166:Infinity":62,"b:165:26:165:50:165:50:165:Infinity":5,"s:169:6:174:Infinity":63,"f:169:41:169:56":14,"s:170:8:170:Infinity":64,"s:171:8:173:Infinity":65,"b:172:10:172:38:172:38:172:58":6,"s:175:6:239:Infinity":66,"s:176:23:176:40":67,"b:177:8:179:Infinity:undefined:undefined:undefined:undefined":7,"s:177:8:179:Infinity":68,"s:178:10:178:Infinity":69,"s:179:10:179:Infinity":70,"s:181:20:190:Infinity":71,"f:193:17:193:30":15,"s:194:10:196:Infinity":72,"s:195:12:195:Infinity":73,"s:198:8:198:Infinity":74,"s:199:21:203:10":75,"f:200:47:200:51":16,"s:200:59:201:Infinity":76,"s:204:8:204:Infinity":77,"s:205:23:205:50":78,"f:208:17:208:30":17,"s:209:10:211:Infinity":79,"s:210:12:210:Infinity":80,"s:213:8:213:Infinity":81,"s:214:8:218:Infinity":82,"b:220:8:223:Infinity:undefined:undefined:undefined:undefined":8,"s:220:8:223:Infinity":83,"b:220:12:220:31:220:31:220:55:220:55:220:78":9,"s:221:10:223:Infinity":84,"s:225:14:230:10":85,"s:231:8:235:Infinity":86,"s:232:33:232:49":87,"s:233:28:233:Infinity":88,"s:234:10:234:Infinity":89,"s:235:10:235:Infinity":90,"s:237:8:237:Infinity":91,"s:239:8:239:Infinity":92}}}
}
